#
# There is insufficient memory for the Java Runtime Environment to continue.
# Native memory allocation (malloc) failed to allocate 771376 bytes for Chunk::new
# Possible reasons:
#   The system is out of physical RAM or swap space
#   In 32 bit mode, the process size limit was hit
# Possible solutions:
#   Reduce memory load on the system
#   Increase physical memory or swap space
#   Check if swap backing store is full
#   Use 64 bit Java on a 64 bit OS
#   Decrease Java heap size (-Xmx/-Xms)
#   Decrease number of Java threads
#   Decrease Java thread stack sizes (-Xss)
#   Set larger code cache with -XX:ReservedCodeCacheSize=
# This output file may be truncated or incomplete.
#
#  Out of Memory Error (allocation.cpp:390), pid=33464, tid=0x0000000000001c9c
#
# JRE version: Java(TM) SE Runtime Environment (8.0_171-b11) (build 1.8.0_171-b11)
# Java VM: Java HotSpot(TM) 64-Bit Server VM (25.171-b11 mixed mode windows-amd64 compressed oops)
# Failed to write core dump. Minidumps are not enabled by default on client versions of Windows
#

---------------  T H R E A D  ---------------

Current thread (0x0000000017772800):  JavaThread "C2 CompilerThread1" daemon [_thread_in_native, id=7324, stack(0x0000000019270000,0x0000000019370000)]

Stack: [0x0000000019270000,0x0000000019370000]
[error occurred during error reporting (printing stack bounds), id 0xc0000005]

Native frames: (J=compiled Java code, j=interpreted, Vv=VM code, C=native code)


Current CompileTask:
C2:   9704 4920       4       java.net.URLClassLoader$1::run (5 bytes)


---------------  P R O C E S S  ---------------

Java Threads: ( => current thread )
  0x000000001bbff800 JavaThread "HikariPool-1 connection adder" daemon [_thread_blocked, id=30476, stack(0x000000001fc20000,0x000000001fd20000)]
  0x000000001bbfe000 JavaThread "HikariPool-1 housekeeper" daemon [_thread_blocked, id=12816, stack(0x000000001f6f0000,0x000000001f7f0000)]
  0x000000001a230800 JavaThread "Abandoned connection cleanup thread" daemon [_thread_blocked, id=29976, stack(0x000000001f2f0000,0x000000001f3f0000)]
  0x000000001777e000 JavaThread "Service Thread" daemon [_thread_blocked, id=32264, stack(0x0000000019470000,0x0000000019570000)]
  0x0000000017779800 JavaThread "C1 CompilerThread2" daemon [_thread_blocked, id=31872, stack(0x0000000019370000,0x0000000019470000)]
=>0x0000000017772800 JavaThread "C2 CompilerThread1" daemon [_thread_in_native, id=7324, stack(0x0000000019270000,0x0000000019370000)]
  0x0000000017771800 JavaThread "C2 CompilerThread0" daemon [_thread_in_native, id=32352, stack(0x0000000019170000,0x0000000019270000)]
  0x0000000017758000 JavaThread "Monitor Ctrl-Break" daemon [_thread_in_native, id=32660, stack(0x0000000019070000,0x0000000019170000)]
  0x0000000017748800 JavaThread "Attach Listener" daemon [_thread_blocked, id=30628, stack(0x0000000018f70000,0x0000000019070000)]
  0x0000000018ab3800 JavaThread "Signal Dispatcher" daemon [_thread_blocked, id=32248, stack(0x0000000018e70000,0x0000000018f70000)]
  0x0000000017710000 JavaThread "Finalizer" daemon [_thread_blocked, id=32000, stack(0x0000000018970000,0x0000000018a70000)]
  0x00000000176e9000 JavaThread "Reference Handler" daemon [_thread_blocked, id=5444, stack(0x0000000018870000,0x0000000018970000)]
  0x0000000002aed800 JavaThread "main" [_thread_in_native, id=29620, stack(0x0000000002420000,0x0000000002520000)]

Other Threads:
  0x00000000176e8000 VMThread [stack: 0x0000000018770000,0x0000000018870000] [id=26992]
  0x0000000018b93000 WatcherThread [stack: 0x0000000019570000,0x0000000019670000] [id=3896]

VM state:not at safepoint (normal execution)

VM Mutex/Monitor currently owned by a thread: None

Heap:
 PSYoungGen      total 189952K, used 78474K [0x00000000d5f00000, 0x00000000e4680000, 0x0000000100000000)
  eden space 178688K, 37% used [0x00000000d5f00000,0x00000000da0a4808,0x00000000e0d80000)
  from space 11264K, 99% used [0x00000000e1a80000,0x00000000e257e110,0x00000000e2580000)
  to   space 13312K, 0% used [0x00000000e0d80000,0x00000000e0d80000,0x00000000e1a80000)
 ParOldGen       total 53248K, used 25847K [0x0000000081c00000, 0x0000000085000000, 0x00000000d5f00000)
  object space 53248K, 48% used [0x0000000081c00000,0x000000008353dd88,0x0000000085000000)
 Metaspace       used 56019K, capacity 58388K, committed 58544K, reserved 1099776K
  class space    used 7630K, capacity 8064K, committed 8112K, reserved 1048576K

Card table byte_map: [0x0000000011fb0000,0x00000000123b0000] byte_map_base: 0x0000000011ba2000

Marking Bits: (ParMarkBitMap*) 0x000000006e1f08c0
 Begin Bits: [0x0000000012a60000, 0x00000000149f0000)
 End Bits:   [0x00000000149f0000, 0x0000000016980000)

Polling page: 0x0000000000770000

CodeCache: size=245760Kb used=17283Kb max_used=17803Kb free=228476Kb
 bounds [0x0000000002bf0000, 0x0000000003d60000, 0x0000000011bf0000]
 total_blobs=5271 nmethods=4729 adapters=454
 compilation: enabled

Compilation events (10 events):
Event: 9.693 Thread 0x0000000017779800 4929       3       org.apache.logging.log4j.LogManager::getLogger (25 bytes)
Event: 9.694 Thread 0x0000000017779800 nmethod 4929 0x0000000002d65e50 code [0x0000000002d660a0, 0x0000000002d66ba8]
Event: 9.694 Thread 0x0000000017779800 4930       3       org.apache.logging.slf4j.SLF4JLoggerContextFactory::getContext (4 bytes)
Event: 9.694 Thread 0x0000000017779800 nmethod 4930 0x0000000002d6fc50 code [0x0000000002d6fda0, 0x0000000002d6fef0]
Event: 9.694 Thread 0x0000000017779800 4931       3       org.apache.logging.log4j.message.MessageFormatMessageFactory::<init> (5 bytes)
Event: 9.694 Thread 0x0000000017779800 nmethod 4931 0x0000000002d70750 code [0x0000000002d708c0, 0x0000000002d70ad0]
Event: 9.695 Thread 0x0000000017779800 4932       1       org.hibernate.internal.SessionFactoryImpl::isClosed (5 bytes)
Event: 9.695 Thread 0x0000000017779800 nmethod 4932 0x0000000002e345d0 code [0x0000000002e34720, 0x0000000002e34830]
Event: 9.695 Thread 0x0000000017779800 4933       1       java.util.Calendar::getZone (5 bytes)
Event: 9.696 Thread 0x0000000017779800 nmethod 4933 0x0000000002f2b290 code [0x0000000002f2b3e0, 0x0000000002f2b4f0]

GC Heap History (10 events):
Event: 4.212 GC heap before
{Heap before GC invocations=8 (full 1):
 PSYoungGen      total 117248K, used 116903K [0x00000000d5f00000, 0x00000000def80000, 0x0000000100000000)
  eden space 110592K, 100% used [0x00000000d5f00000,0x00000000dcb00000,0x00000000dcb00000)
  from space 6656K, 94% used [0x00000000de900000,0x00000000def29ce0,0x00000000def80000)
  to   space 8192K, 0% used [0x00000000ddf80000,0x00000000ddf80000,0x00000000de780000)
 ParOldGen       total 53248K, used 7316K [0x0000000081c00000, 0x0000000085000000, 0x00000000d5f00000)
  object space 53248K, 13% used [0x0000000081c00000,0x00000000823252c8,0x0000000085000000)
 Metaspace       used 30107K, capacity 31210K, committed 31408K, reserved 1077248K
  class space    used 3935K, capacity 4165K, committed 4272K, reserved 1048576K
Event: 4.229 GC heap after
Heap after GC invocations=8 (full 1):
 PSYoungGen      total 139776K, used 8180K [0x00000000d5f00000, 0x00000000e2580000, 0x0000000100000000)
  eden space 131584K, 0% used [0x00000000d5f00000,0x00000000d5f00000,0x00000000ddf80000)
  from space 8192K, 99% used [0x00000000ddf80000,0x00000000de77d068,0x00000000de780000)
  to   space 11264K, 0% used [0x00000000e1a80000,0x00000000e1a80000,0x00000000e2580000)
 ParOldGen       total 53248K, used 11303K [0x0000000081c00000, 0x0000000085000000, 0x00000000d5f00000)
  object space 53248K, 21% used [0x0000000081c00000,0x0000000082709d78,0x0000000085000000)
 Metaspace       used 30107K, capacity 31210K, committed 31408K, reserved 1077248K
  class space    used 3935K, capacity 4165K, committed 4272K, reserved 1048576K
}
Event: 5.122 GC heap before
{Heap before GC invocations=9 (full 1):
 PSYoungGen      total 139776K, used 66545K [0x00000000d5f00000, 0x00000000e2580000, 0x0000000100000000)
  eden space 131584K, 44% used [0x00000000d5f00000,0x00000000d97ff748,0x00000000ddf80000)
  from space 8192K, 99% used [0x00000000ddf80000,0x00000000de77d068,0x00000000de780000)
  to   space 11264K, 0% used [0x00000000e1a80000,0x00000000e1a80000,0x00000000e2580000)
 ParOldGen       total 53248K, used 11303K [0x0000000081c00000, 0x0000000085000000, 0x00000000d5f00000)
  object space 53248K, 21% used [0x0000000081c00000,0x0000000082709d78,0x0000000085000000)
 Metaspace       used 34157K, capacity 35370K, committed 35496K, reserved 1081344K
  class space    used 4401K, capacity 4643K, committed 4656K, reserved 1048576K
Event: 5.133 GC heap after
Heap after GC invocations=9 (full 1):
 PSYoungGen      total 189952K, used 11232K [0x00000000d5f00000, 0x00000000e4680000, 0x0000000100000000)
  eden space 178688K, 0% used [0x00000000d5f00000,0x00000000d5f00000,0x00000000e0d80000)
  from space 11264K, 99% used [0x00000000e1a80000,0x00000000e2578378,0x00000000e2580000)
  to   space 13312K, 0% used [0x00000000e0d80000,0x00000000e0d80000,0x00000000e1a80000)
 ParOldGen       total 53248K, used 12915K [0x0000000081c00000, 0x0000000085000000, 0x00000000d5f00000)
  object space 53248K, 24% used [0x0000000081c00000,0x000000008289cc50,0x0000000085000000)
 Metaspace       used 34157K, capacity 35370K, committed 35496K, reserved 1081344K
  class space    used 4401K, capacity 4643K, committed 4656K, reserved 1048576K
}
Event: 5.133 GC heap before
{Heap before GC invocations=10 (full 2):
 PSYoungGen      total 189952K, used 11232K [0x00000000d5f00000, 0x00000000e4680000, 0x0000000100000000)
  eden space 178688K, 0% used [0x00000000d5f00000,0x00000000d5f00000,0x00000000e0d80000)
  from space 11264K, 99% used [0x00000000e1a80000,0x00000000e2578378,0x00000000e2580000)
  to   space 13312K, 0% used [0x00000000e0d80000,0x00000000e0d80000,0x00000000e1a80000)
 ParOldGen       total 53248K, used 12915K [0x0000000081c00000, 0x0000000085000000, 0x00000000d5f00000)
  object space 53248K, 24% used [0x0000000081c00000,0x000000008289cc50,0x0000000085000000)
 Metaspace       used 34157K, capacity 35370K, committed 35496K, reserved 1081344K
  class space    used 4401K, capacity 4643K, committed 4656K, reserved 1048576K
Event: 5.214 GC heap after
Heap after GC invocations=10 (full 2):
 PSYoungGen      total 189952K, used 0K [0x00000000d5f00000, 0x00000000e4680000, 0x0000000100000000)
  eden space 178688K, 0% used [0x00000000d5f00000,0x00000000d5f00000,0x00000000e0d80000)
  from space 11264K, 0% used [0x00000000e1a80000,0x00000000e1a80000,0x00000000e2580000)
  to   space 13312K, 0% used [0x00000000e0d80000,0x00000000e0d80000,0x00000000e1a80000)
 ParOldGen       total 53248K, used 18275K [0x0000000081c00000, 0x0000000085000000, 0x00000000d5f00000)
  object space 53248K, 34% used [0x0000000081c00000,0x0000000082dd8fe8,0x0000000085000000)
 Metaspace       used 34157K, capacity 35370K, committed 35496K, reserved 1081344K
  class space    used 4401K, capacity 4643K, committed 4656K, reserved 1048576K
}
Event: 7.534 GC heap before
{Heap before GC invocations=11 (full 2):
 PSYoungGen      total 189952K, used 178688K [0x00000000d5f00000, 0x00000000e4680000, 0x0000000100000000)
  eden space 178688K, 100% used [0x00000000d5f00000,0x00000000e0d80000,0x00000000e0d80000)
  from space 11264K, 0% used [0x00000000e1a80000,0x00000000e1a80000,0x00000000e2580000)
  to   space 13312K, 0% used [0x00000000e0d80000,0x00000000e0d80000,0x00000000e1a80000)
 ParOldGen       total 53248K, used 18275K [0x0000000081c00000, 0x0000000085000000, 0x00000000d5f00000)
  object space 53248K, 34% used [0x0000000081c00000,0x0000000082dd8fe8,0x0000000085000000)
 Metaspace       used 48218K, capacity 50094K, committed 50224K, reserved 1093632K
  class space    used 6529K, capacity 6887K, committed 6960K, reserved 1048576K
Event: 7.556 GC heap after
Heap after GC invocations=11 (full 2):
 PSYoungGen      total 192000K, used 13295K [0x00000000d5f00000, 0x00000000e4680000, 0x0000000100000000)
  eden space 178688K, 0% used [0x00000000d5f00000,0x00000000d5f00000,0x00000000e0d80000)
  from space 13312K, 99% used [0x00000000e0d80000,0x00000000e1a7bdc0,0x00000000e1a80000)
  to   space 11264K, 0% used [0x00000000e1a80000,0x00000000e1a80000,0x00000000e2580000)
 ParOldGen       total 53248K, used 21594K [0x0000000081c00000, 0x0000000085000000, 0x00000000d5f00000)
  object space 53248K, 40% used [0x0000000081c00000,0x00000000831169b0,0x0000000085000000)
 Metaspace       used 48218K, capacity 50094K, committed 50224K, reserved 1093632K
  class space    used 6529K, capacity 6887K, committed 6960K, reserved 1048576K
}
Event: 9.009 GC heap before
{Heap before GC invocations=12 (full 2):
 PSYoungGen      total 192000K, used 191983K [0x00000000d5f00000, 0x00000000e4680000, 0x0000000100000000)
  eden space 178688K, 100% used [0x00000000d5f00000,0x00000000e0d80000,0x00000000e0d80000)
  from space 13312K, 99% used [0x00000000e0d80000,0x00000000e1a7bdc0,0x00000000e1a80000)
  to   space 11264K, 0% used [0x00000000e1a80000,0x00000000e1a80000,0x00000000e2580000)
 ParOldGen       total 53248K, used 21594K [0x0000000081c00000, 0x0000000085000000, 0x00000000d5f00000)
  object space 53248K, 40% used [0x0000000081c00000,0x00000000831169b0,0x0000000085000000)
 Metaspace       used 52846K, capacity 55206K, committed 55344K, reserved 1097728K
  class space    used 7197K, capacity 7619K, committed 7728K, reserved 1048576K
Event: 9.027 GC heap after
Heap after GC invocations=12 (full 2):
 PSYoungGen      total 189952K, used 11256K [0x00000000d5f00000, 0x00000000e4680000, 0x0000000100000000)
  eden space 178688K, 0% used [0x00000000d5f00000,0x00000000d5f00000,0x00000000e0d80000)
  from space 11264K, 99% used [0x00000000e1a80000,0x00000000e257e110,0x00000000e2580000)
  to   space 13312K, 0% used [0x00000000e0d80000,0x00000000e0d80000,0x00000000e1a80000)
 ParOldGen       total 53248K, used 25847K [0x0000000081c00000, 0x0000000085000000, 0x00000000d5f00000)
  object space 53248K, 48% used [0x0000000081c00000,0x000000008353dd88,0x0000000085000000)
 Metaspace       used 52846K, capacity 55206K, committed 55344K, reserved 1097728K
  class space    used 7197K, capacity 7619K, committed 7728K, reserved 1048576K
}

Deoptimization events (10 events):
Event: 9.237 Thread 0x0000000002aed800 Uncommon trap: reason=unstable_if action=reinterpret pc=0x00000000032a9d54 method=org.springframework.util.ConcurrentReferenceHashMap$Segment.clear()V @ 4
Event: 9.259 Thread 0x0000000002aed800 Uncommon trap: reason=unstable_if action=reinterpret pc=0x00000000033e4484 method=java.util.LinkedHashMap.get(Ljava/lang/Object;)Ljava/lang/Object; @ 20
Event: 9.298 Thread 0x0000000002aed800 Uncommon trap: reason=unstable_if action=reinterpret pc=0x0000000003acb90c method=org.springframework.core.annotation.AnnotatedElementUtils$MergedAnnotationAttributesProcessor.<init>(ZZZ)V @ 21
Event: 9.443 Thread 0x0000000002aed800 Uncommon trap: reason=unstable_if action=reinterpret pc=0x000000000379df24 method=java.util.StringTokenizer.scanToken(I)I @ 96
Event: 9.503 Thread 0x0000000002aed800 Uncommon trap: reason=bimorphic action=maybe_recompile pc=0x00000000037aeb74 method=java.util.Hashtable.get(Ljava/lang/Object;)Ljava/lang/Object; @ 6
Event: 9.507 Thread 0x0000000002aed800 Uncommon trap: reason=bimorphic action=maybe_recompile pc=0x00000000037aeb74 method=java.util.Hashtable.get(Ljava/lang/Object;)Ljava/lang/Object; @ 6
Event: 9.507 Thread 0x0000000002aed800 Uncommon trap: reason=bimorphic action=maybe_recompile pc=0x00000000037aeb74 method=java.util.Hashtable.get(Ljava/lang/Object;)Ljava/lang/Object; @ 6
Event: 9.507 Thread 0x0000000002aed800 Uncommon trap: reason=bimorphic action=maybe_recompile pc=0x00000000037aeb74 method=java.util.Hashtable.get(Ljava/lang/Object;)Ljava/lang/Object; @ 6
Event: 9.511 Thread 0x0000000002aed800 Uncommon trap: reason=unstable_if action=reinterpret pc=0x0000000002d1c6c0 method=java.lang.CharacterData.of(I)Ljava/lang/CharacterData; @ 4
Event: 9.516 Thread 0x0000000002aed800 Uncommon trap: reason=unstable_if action=reinterpret pc=0x00000000037c7ea0 method=java.util.regex.Pattern$BmpCharProperty.match(Ljava/util/regex/Matcher;ILjava/lang/CharSequence;)Z @ 34

Classes redefined (0 events):
No events

Internal exceptions (10 events):
Event: 9.198 Thread 0x0000000002aed800 Exception <a 'java/lang/ClassNotFoundException': org/springframework/context/EnvironmentAwareCustomizer> (0x00000000d7c83eb8) thrown at [C:\re\workspace\8-2-build-windows-amd64-cygwin\jdk8u171\10807\hotspot\src\share\vm\classfile\systemDictionary.cpp, lin
Event: 9.198 Thread 0x0000000002aed800 Exception <a 'java/lang/ClassNotFoundException': org/springframework/core/env/EnvironmentCapableCustomizer> (0x00000000d7c9f3c8) thrown at [C:\re\workspace\8-2-build-windows-amd64-cygwin\jdk8u171\10807\hotspot\src\share\vm\classfile\systemDictionary.cpp, 
Event: 9.199 Thread 0x0000000002aed800 Exception <a 'java/lang/ClassNotFoundException': org/springframework/web/context/ServletContextAwareCustomizer> (0x00000000d7cbc630) thrown at [C:\re\workspace\8-2-build-windows-amd64-cygwin\jdk8u171\10807\hotspot\src\share\vm\classfile\systemDictionary.c
Event: 9.199 Thread 0x0000000002aed800 Exception <a 'java/lang/ClassNotFoundException': org/springframework/beans/factory/InitializingBeanCustomizer> (0x00000000d7cd9020) thrown at [C:\re\workspace\8-2-build-windows-amd64-cygwin\jdk8u171\10807\hotspot\src\share\vm\classfile\systemDictionary.cp
Event: 9.199 Thread 0x0000000002aed800 Exception <a 'java/lang/ClassNotFoundException': org/springframework/beans/factory/DisposableBeanCustomizer> (0x00000000d7cf3d00) thrown at [C:\re\workspace\8-2-build-windows-amd64-cygwin\jdk8u171\10807\hotspot\src\share\vm\classfile\systemDictionary.cpp,
Event: 9.202 Thread 0x0000000002aed800 Exception <a 'java/lang/ClassNotFoundException': java/lang/ObjectCustomizer> (0x00000000d7d3ac40) thrown at [C:\re\workspace\8-2-build-windows-amd64-cygwin\jdk8u171\10807\hotspot\src\share\vm\classfile\systemDictionary.cpp, line 210]
Event: 9.202 Thread 0x0000000002aed800 Exception <a 'java/lang/ClassNotFoundException': org/springframework/web/multipart/support/StandardServletMultipartResolverCustomizer> (0x00000000d7d616d8) thrown at [C:\re\workspace\8-2-build-windows-amd64-cygwin\jdk8u171\10807\hotspot\src\share\vm\class
Event: 9.203 Thread 0x0000000002aed800 Exception <a 'java/lang/ClassNotFoundException': org/springframework/web/multipart/MultipartResolverCustomizer> (0x00000000d7d82580) thrown at [C:\re\workspace\8-2-build-windows-amd64-cygwin\jdk8u171\10807\hotspot\src\share\vm\classfile\systemDictionary.c
Event: 9.259 Thread 0x0000000002aed800 Exception <a 'java/lang/ClassNotFoundException': java/lang/ObjectCustomizer> (0x00000000d82d1c30) thrown at [C:\re\workspace\8-2-build-windows-amd64-cygwin\jdk8u171\10807\hotspot\src\share\vm\classfile\systemDictionary.cpp, line 210]
Event: 9.259 Thread 0x0000000002aed800 Exception <a 'java/lang/ClassNotFoundException': com/issac/foundation/UserApplicationTestsCustomizer> (0x00000000d82ee3e0) thrown at [C:\re\workspace\8-2-build-windows-amd64-cygwin\jdk8u171\10807\hotspot\src\share\vm\classfile\systemDictionary.cpp, line 2

Events (10 events):
Event: 9.693 loading class org/hibernate/internal/CoreMessageLogger_$logger_ko
Event: 9.693 loading class org/hibernate/internal/CoreMessageLogger_$logger_ko done
Event: 9.696 loading class org/hibernate/event/spi/PreLoadEvent
Event: 9.696 loading class org/hibernate/event/spi/PreLoadEvent done
Event: 9.696 loading class org/hibernate/secure/spi/PermissionCheckEntityInformation
Event: 9.696 loading class org/hibernate/secure/spi/PermissionCheckEntityInformation done
Event: 9.698 loading class org/hibernate/event/spi/PostLoadEvent
Event: 9.698 loading class org/hibernate/event/spi/PostLoadEvent done
Event: 9.698 loading class org/hibernate/bytecode/enhance/spi/LazyPropertyInitializer$1
Event: 9.698 loading class org/hibernate/bytecode/enhance/spi/LazyPropertyInitializer$1 done


Dynamic libraries:
0x00007ff7abb00000 - 0x00007ff7abb37000 	C:\Program Files\Java\jdk1.8.0_171\bin\java.exe
0x00007fffb53f0000 - 0x00007fffb55d1000 	C:\WINDOWS\SYSTEM32\ntdll.dll
0x00007fffb2fb0000 - 0x00007fffb3062000 	C:\WINDOWS\System32\KERNEL32.DLL
0x00007fffb1a00000 - 0x00007fffb1c73000 	C:\WINDOWS\System32\KERNELBASE.dll
0x00007fffb5310000 - 0x00007fffb53b1000 	C:\WINDOWS\System32\ADVAPI32.dll
0x00007fffb30d0000 - 0x00007fffb316e000 	C:\WINDOWS\System32\msvcrt.dll
0x00007fffb3070000 - 0x00007fffb30cb000 	C:\WINDOWS\System32\sechost.dll
0x00007fffb4ff0000 - 0x00007fffb5114000 	C:\WINDOWS\System32\RPCRT4.dll
0x00007fffb4a60000 - 0x00007fffb4bf0000 	C:\WINDOWS\System32\USER32.dll
0x00007fffb1910000 - 0x00007fffb1930000 	C:\WINDOWS\System32\win32u.dll
0x00007fffb5120000 - 0x00007fffb5148000 	C:\WINDOWS\System32\GDI32.dll
0x00007fffb26e0000 - 0x00007fffb2872000 	C:\WINDOWS\System32\gdi32full.dll
0x00007fffb17c0000 - 0x00007fffb185f000 	C:\WINDOWS\System32\msvcp_win.dll
0x00007fffb2390000 - 0x00007fffb248a000 	C:\WINDOWS\System32\ucrtbase.dll
0x00007fff9fbc0000 - 0x00007fff9fe29000 	C:\WINDOWS\WinSxS\amd64_microsoft.windows.common-controls_6595b64144ccf1df_6.0.17134.165_none_fb429645306569ac\COMCTL32.dll
0x00007fffb2880000 - 0x00007fffb2ba3000 	C:\WINDOWS\System32\combase.dll
0x00007fffb1980000 - 0x00007fffb19fa000 	C:\WINDOWS\System32\bcryptPrimitives.dll
0x00007fffb2db0000 - 0x00007fffb2ddd000 	C:\WINDOWS\System32\IMM32.DLL
0x000000006e270000 - 0x000000006e342000 	C:\Program Files\Java\jdk1.8.0_171\jre\bin\msvcr100.dll
0x000000006d9d0000 - 0x000000006e270000 	C:\Program Files\Java\jdk1.8.0_171\jre\bin\server\jvm.dll
0x00007fffb5150000 - 0x00007fffb5158000 	C:\WINDOWS\System32\PSAPI.DLL
0x00007fffa24d0000 - 0x00007fffa24d9000 	C:\WINDOWS\SYSTEM32\WSOCK32.dll
0x00007fffb4f80000 - 0x00007fffb4fec000 	C:\WINDOWS\System32\WS2_32.dll
0x00007fffaaf50000 - 0x00007fffaaf73000 	C:\WINDOWS\SYSTEM32\WINMM.dll
0x00007fffa24a0000 - 0x00007fffa24aa000 	C:\WINDOWS\SYSTEM32\VERSION.dll
0x00007fffaaf20000 - 0x00007fffaaf4a000 	C:\WINDOWS\SYSTEM32\WINMMBASE.dll
0x00007fffb1930000 - 0x00007fffb1979000 	C:\WINDOWS\System32\cfgmgr32.dll
0x000000006d9c0000 - 0x000000006d9cf000 	C:\Program Files\Java\jdk1.8.0_171\jre\bin\verify.dll
0x000000006d990000 - 0x000000006d9b9000 	C:\Program Files\Java\jdk1.8.0_171\jre\bin\java.dll
0x000000006d3e0000 - 0x000000006d403000 	C:\Program Files\Java\jdk1.8.0_171\jre\bin\instrument.dll
0x000000006d970000 - 0x000000006d986000 	C:\Program Files\Java\jdk1.8.0_171\jre\bin\zip.dll
0x00007fffb35c0000 - 0x00007fffb4a00000 	C:\WINDOWS\System32\SHELL32.dll
0x00007fffb2f00000 - 0x00007fffb2fa9000 	C:\WINDOWS\System32\shcore.dll
0x00007fffb1c80000 - 0x00007fffb238d000 	C:\WINDOWS\System32\windows.storage.dll
0x00007fffb4f20000 - 0x00007fffb4f71000 	C:\WINDOWS\System32\shlwapi.dll
0x00007fffb17a0000 - 0x00007fffb17b1000 	C:\WINDOWS\System32\kernel.appcore.dll
0x00007fffb1750000 - 0x00007fffb176f000 	C:\WINDOWS\System32\profapi.dll
0x00007fffb1700000 - 0x00007fffb174c000 	C:\WINDOWS\System32\powrprof.dll
0x00007fffb1790000 - 0x00007fffb179a000 	C:\WINDOWS\System32\FLTLIB.DLL
0x00007fffada30000 - 0x00007fffada4a000 	D:\JetBrains\IntelliJ IDEA Community Edition 2018.1.6\bin\breakgen64.dll
0x000000006d950000 - 0x000000006d96a000 	C:\Program Files\Java\jdk1.8.0_171\jre\bin\net.dll
0x00007fffb0f80000 - 0x00007fffb0fe6000 	C:\WINDOWS\system32\mswsock.dll
0x000000006d930000 - 0x000000006d941000 	C:\Program Files\Java\jdk1.8.0_171\jre\bin\nio.dll
0x000000006d800000 - 0x000000006d80d000 	C:\Program Files\Java\jdk1.8.0_171\jre\bin\management.dll
0x00007fffa88d0000 - 0x00007fffa88e6000 	C:\WINDOWS\system32\napinsp.dll
0x00007fffa78e0000 - 0x00007fffa78fa000 	C:\WINDOWS\system32\pnrpnsp.dll
0x00007fffad4e0000 - 0x00007fffad4f9000 	C:\WINDOWS\system32\NLAapi.dll
0x00007fffb0d40000 - 0x00007fffb0dfe000 	C:\WINDOWS\SYSTEM32\DNSAPI.dll
0x00007fffb5300000 - 0x00007fffb5308000 	C:\WINDOWS\System32\NSI.dll
0x00007fffb0d00000 - 0x00007fffb0d38000 	C:\WINDOWS\SYSTEM32\IPHLPAPI.DLL
0x00007fffac0c0000 - 0x00007fffac0ce000 	C:\WINDOWS\System32\winrnr.dll
0x00007fffab530000 - 0x00007fffab545000 	C:\WINDOWS\System32\wshbth.dll
0x00007fffa5490000 - 0x00007fffa549a000 	C:\Windows\System32\rasadhlp.dll
0x00007fffa5660000 - 0x00007fffa56d2000 	C:\WINDOWS\System32\fwpuclnt.dll
0x00007fffb1260000 - 0x00007fffb1285000 	C:\WINDOWS\SYSTEM32\bcrypt.dll
0x00007fffb1130000 - 0x00007fffb1147000 	C:\WINDOWS\SYSTEM32\CRYPTSP.dll
0x00007fffb0b60000 - 0x00007fffb0b93000 	C:\WINDOWS\system32\rsaenh.dll
0x00007fffb1630000 - 0x00007fffb1658000 	C:\WINDOWS\SYSTEM32\USERENV.dll
0x00007fffb1150000 - 0x00007fffb115b000 	C:\WINDOWS\SYSTEM32\CRYPTBASE.dll
0x00007fffaac40000 - 0x00007fffaac56000 	C:\WINDOWS\SYSTEM32\dhcpcsvc6.DLL
0x00007fffaaf00000 - 0x00007fffaaf1a000 	C:\WINDOWS\SYSTEM32\dhcpcsvc.DLL

VM Arguments:
jvm_args: -Didea.test.cyclic.buffer.size=1048576 -javaagent:D:\JetBrains\IntelliJ IDEA Community Edition 2018.1.6\lib\idea_rt.jar=53297:D:\JetBrains\IntelliJ IDEA Community Edition 2018.1.6\bin -Dfile.encoding=UTF-8 
java_command: com.intellij.rt.execution.junit.JUnitStarter -ideVersion5 -junit4 com.issac.foundation.UserApplicationTests,contextLoads
java_class_path (initial): D:\JetBrains\IntelliJ IDEA Community Edition 2018.1.6\lib\idea_rt.jar;D:\JetBrains\IntelliJ IDEA Community Edition 2018.1.6\plugins\junit\lib\junit-rt.jar;D:\JetBrains\IntelliJ IDEA Community Edition 2018.1.6\plugins\junit\lib\junit5-rt.jar;C:\Program Files\Java\jdk1.8.0_171\jre\lib\charsets.jar;C:\Program Files\Java\jdk1.8.0_171\jre\lib\deploy.jar;C:\Program Files\Java\jdk1.8.0_171\jre\lib\ext\access-bridge-64.jar;C:\Program Files\Java\jdk1.8.0_171\jre\lib\ext\cldrdata.jar;C:\Program Files\Java\jdk1.8.0_171\jre\lib\ext\dnsns.jar;C:\Program Files\Java\jdk1.8.0_171\jre\lib\ext\jaccess.jar;C:\Program Files\Java\jdk1.8.0_171\jre\lib\ext\jfxrt.jar;C:\Program Files\Java\jdk1.8.0_171\jre\lib\ext\localedata.jar;C:\Program Files\Java\jdk1.8.0_171\jre\lib\ext\nashorn.jar;C:\Program Files\Java\jdk1.8.0_171\jre\lib\ext\sunec.jar;C:\Program Files\Java\jdk1.8.0_171\jre\lib\ext\sunjce_provider.jar;C:\Program Files\Java\jdk1.8.0_171\jre\lib\ext\sunmscapi.jar;C:\Program Files\Java\jdk1.8.0_171\jre\lib\ext\sunpkcs11.jar;C:\Program Files\Java\jdk1.8.0_171\jre\lib\ext\zipfs.jar;C:\Program Files\Java\jdk1.8.0_171\jre\lib\javaws.jar;C:\Program Files\Java\jdk1.8.0_171\jre\lib\jce.jar;C:\Program Files\Java\jdk1.8.0_171\jre\lib\jfr.jar;C:\Program Files\Java\jdk1.8.0_171\jre\lib\jfxswt.jar;C:\Program Files\Java\jdk1.8.0_171\jre\lib\jsse.jar;C:\Program Files\Java\jdk1.8.0_171\jre\lib\management-agent.jar;C:\Program Files\Java\jdk1.8.0_171\jre\lib\plugin.jar;C:\Program Files\Java\jdk1.8.0_171\jre\lib\resources.jar;C:\Program Files\Java\jdk1.8.0_171\jre\lib\rt.jar;D:\DEV\git\americanoRepo\foundation\target\test-classes;D:\DEV\git\americanoRepo\foundation\target\classes;C:\Users\JJ\.m2\repository\org\springframework\boot\spring-boot-starter-data-jpa\2.0.3.RELEASE\spring-boot-starter-data-jpa-2.0.3.RELEASE.jar;C:\Users\JJ\.m2\repository\org\springframework\boot\spring-boot-starter\2.0.3.RELEASE\spring-boot-starter-2.0.3.RELEASE.jar;C:\Users\JJ\.m2\repository\org\spri
Launcher Type: SUN_STANDARD

Environment Variables:
JAVA_HOME=C:\Program Files\Java\jdk1.8.0_171
PATH=C:\Program Files (x86)\Common Files\Oracle\Java\javapath;C:\Program Files (x86)\Intel\iCLS Client\;C:\Program Files\Intel\iCLS Client\;C:\WINDOWS\system32;C:\WINDOWS;C:\WINDOWS\System32\Wbem;C:\WINDOWS\System32\WindowsPowerShell\v1.0\;C:\Program Files (x86)\Intel\Intel(R) Management Engine Components\DAL;C:\Program Files\Intel\Intel(R) Management Engine Components\DAL;C:\Program Files (x86)\Intel\Intel(R) Management Engine Components\IPT;C:\Program Files\Intel\Intel(R) Management Engine Components\IPT;C:\Program Files\Intel\WiFi\bin\;C:\Program Files\Common Files\Intel\WirelessCommon\;C:\WINDOWS\System32\OpenSSH\;d:\Git\cmd;D:\nodejs\;d:\Microsoft VS Code\bin;C:\Program Files\Java\jdk1.8.0_171\bin;C:\Users\JJ\AppData\Local\Microsoft\WindowsApps;C:\Program Files\Bandizip\;C:\Users\JJ\AppData\Roaming\npm;d:\Microsoft VS Code\bin
USERNAME=JJ
OS=Windows_NT
PROCESSOR_IDENTIFIER=Intel64 Family 6 Model 142 Stepping 9, GenuineIntel



---------------  S Y S T E M  ---------------

OS: Windows 10.0 , 64 bit Build 17134 (10.0.17134.1)

CPU:total 4 (initial active 4) (2 cores per cpu, 2 threads per core) family 6 model 142 stepping 9, cmov, cx8, fxsr, mmx, sse, sse2, sse3, ssse3, sse4.1, sse4.2, popcnt, avx, avx2, aes, clmul, erms, 3dnowpref, lzcnt, ht, tsc, tscinvbit, bmi1, bmi2, adx

Memory: 4k page, physical 8268656k(952440k free), swap 8268656k(4116k free)

vm_info: Java HotSpot(TM) 64-Bit Server VM (25.171-b11) for windows-amd64 JRE (1.8.0_171-b11), built on Mar 28 2018 16:06:12 by "java_re" with MS VC++ 10.0 (VS2010)

time: Thu Aug 02 15:41:54 2018
elapsed time: 9 seconds (0d 0h 0m 9s)

