#
# There is insufficient memory for the Java Runtime Environment to continue.
# Native memory allocation (malloc) failed to allocate 1052896 bytes for Chunk::new
# Possible reasons:
#   The system is out of physical RAM or swap space
#   In 32 bit mode, the process size limit was hit
# Possible solutions:
#   Reduce memory load on the system
#   Increase physical memory or swap space
#   Check if swap backing store is full
#   Use 64 bit Java on a 64 bit OS
#   Decrease Java heap size (-Xmx/-Xms)
#   Decrease number of Java threads
#   Decrease Java thread stack sizes (-Xss)
#   Set larger code cache with -XX:ReservedCodeCacheSize=
# This output file may be truncated or incomplete.
#
#  Out of Memory Error (allocation.cpp:390), pid=16856, tid=0x0000000000004cf0
#
# JRE version: Java(TM) SE Runtime Environment (8.0_171-b11) (build 1.8.0_171-b11)
# Java VM: Java HotSpot(TM) 64-Bit Server VM (25.171-b11 mixed mode windows-amd64 compressed oops)
# Failed to write core dump. Minidumps are not enabled by default on client versions of Windows
#

---------------  T H R E A D  ---------------

Current thread (0x0000000017596000):  JavaThread "C2 CompilerThread1" daemon [_thread_in_native, id=19696, stack(0x0000000019130000,0x0000000019230000)]

Stack: [0x0000000019130000,0x0000000019230000]
[error occurred during error reporting (printing stack bounds), id 0xc0000005]

Native frames: (J=compiled Java code, j=interpreted, Vv=VM code, C=native code)


Current CompileTask:
C2:   6743 4044   !   4       org.springframework.core.annotation.AnnotatedElementUtils::searchWithFindSemantics (785 bytes)


---------------  P R O C E S S  ---------------

Java Threads: ( => current thread )
  0x000000001b899800 JavaThread "HikariPool-1 connection adder" daemon [_thread_blocked, id=25476, stack(0x000000001f8f0000,0x000000001f9f0000)]
  0x000000001b898000 JavaThread "HikariPool-1 housekeeper" daemon [_thread_blocked, id=14648, stack(0x000000001f7f0000,0x000000001f8f0000)]
  0x000000001aab2000 JavaThread "Abandoned connection cleanup thread" daemon [_thread_blocked, id=26300, stack(0x000000001c800000,0x000000001c900000)]
  0x000000001759e800 JavaThread "Service Thread" daemon [_thread_blocked, id=15224, stack(0x0000000019330000,0x0000000019430000)]
  0x000000001759b000 JavaThread "C1 CompilerThread2" daemon [_thread_blocked, id=10456, stack(0x0000000019230000,0x0000000019330000)]
=>0x0000000017596000 JavaThread "C2 CompilerThread1" daemon [_thread_in_native, id=19696, stack(0x0000000019130000,0x0000000019230000)]
  0x0000000017593800 JavaThread "C2 CompilerThread0" daemon [_thread_in_native, id=20196, stack(0x0000000019030000,0x0000000019130000)]
  0x0000000017590000 JavaThread "Monitor Ctrl-Break" daemon [_thread_in_native, id=19904, stack(0x0000000018f30000,0x0000000019030000)]
  0x0000000017569800 JavaThread "Attach Listener" daemon [_thread_blocked, id=5828, stack(0x0000000018e30000,0x0000000018f30000)]
  0x0000000018973800 JavaThread "Signal Dispatcher" daemon [_thread_blocked, id=3552, stack(0x0000000018d30000,0x0000000018e30000)]
  0x0000000017530000 JavaThread "Finalizer" daemon [_thread_blocked, id=1456, stack(0x00000000187a0000,0x00000000188a0000)]
  0x0000000017509000 JavaThread "Reference Handler" daemon [_thread_blocked, id=16224, stack(0x00000000186a0000,0x00000000187a0000)]
  0x00000000023ad800 JavaThread "main" [_thread_in_vm, id=3192, stack(0x0000000002700000,0x0000000002800000)]

Other Threads:
  0x0000000017508000 VMThread [stack: 0x00000000185a0000,0x00000000186a0000] [id=6496]
  0x0000000018a43000 WatcherThread [stack: 0x0000000019430000,0x0000000019530000] [id=14580]

VM state:not at safepoint (normal execution)

VM Mutex/Monitor currently owned by a thread: None

Heap:
 PSYoungGen      total 191488K, used 133271K [0x00000000d5f00000, 0x00000000e4800000, 0x0000000100000000)
  eden space 180224K, 73% used [0x00000000d5f00000,0x00000000de125ea0,0x00000000e0f00000)
  from space 11264K, 0% used [0x00000000e1c00000,0x00000000e1c00000,0x00000000e2700000)
  to   space 13312K, 0% used [0x00000000e0f00000,0x00000000e0f00000,0x00000000e1c00000)
 ParOldGen       total 89600K, used 18215K [0x0000000081c00000, 0x0000000087380000, 0x00000000d5f00000)
  object space 89600K, 20% used [0x0000000081c00000,0x0000000082dc9c30,0x0000000087380000)
 Metaspace       used 45637K, capacity 47244K, committed 47448K, reserved 1089536K
  class space    used 6152K, capacity 6466K, committed 6488K, reserved 1048576K

Card table byte_map: [0x0000000011dd0000,0x00000000121d0000] byte_map_base: 0x00000000119c2000

Marking Bits: (ParMarkBitMap*) 0x000000006e1f08c0
 Begin Bits: [0x0000000012880000, 0x0000000014810000)
 End Bits:   [0x0000000014810000, 0x00000000167a0000)

Polling page: 0x0000000000610000

CodeCache: size=245760Kb used=14877Kb max_used=14877Kb free=230882Kb
 bounds [0x0000000002a10000, 0x00000000038a0000, 0x0000000011a10000]
 total_blobs=4651 nmethods=4124 adapters=439
 compilation: enabled

Compilation events (10 events):
Event: 6.690 Thread 0x000000001759b000 4130       3       java.util.stream.FindOps$FindSink$OfRef::<init> (5 bytes)
Event: 6.690 Thread 0x000000001759b000 nmethod 4130 0x00000000038952d0 code [0x0000000003895440, 0x0000000003895650]
Event: 6.691 Thread 0x000000001759b000 4131       3       java.util.regex.Pattern::atom (379 bytes)
Event: 6.693 Thread 0x000000001759b000 nmethod 4131 0x0000000003895710 code [0x0000000003895a00, 0x0000000003896ff8]
Event: 6.698 Thread 0x000000001759b000 4132       3       java.util.regex.Pattern::sequence (553 bytes)
Event: 6.702 Thread 0x000000001759b000 nmethod 4132 0x0000000003897a50 code [0x0000000003897fa0, 0x000000000389b018]
Event: 6.703 Thread 0x000000001759b000 4133       3       sun.reflect.generics.parser.SignatureParser::parseSuperInterfaces (51 bytes)
Event: 6.704 Thread 0x000000001759b000 nmethod 4133 0x000000000389ce50 code [0x000000000389d060, 0x000000000389db28]
Event: 6.704 Thread 0x000000001759b000 4134       3       sun.reflect.generics.reflectiveObjects.WildcardTypeImpl::hashCode (20 bytes)
Event: 6.704 Thread 0x000000001759b000 nmethod 4134 0x000000000389dfd0 code [0x000000000389e160, 0x000000000389e3b8]

GC Heap History (10 events):
Event: 2.590 GC heap before
{Heap before GC invocations=6 (full 1):
 PSYoungGen      total 71680K, used 5102K [0x00000000d5f00000, 0x00000000df100000, 0x0000000100000000)
  eden space 66560K, 0% used [0x00000000d5f00000,0x00000000d5f00000,0x00000000da000000)
  from space 5120K, 99% used [0x00000000da000000,0x00000000da4fb868,0x00000000da500000)
  to   space 8192K, 0% used [0x00000000de900000,0x00000000de900000,0x00000000df100000)
 ParOldGen       total 87552K, used 4396K [0x0000000081c00000, 0x0000000087180000, 0x00000000d5f00000)
  object space 87552K, 5% used [0x0000000081c00000,0x000000008204b0c8,0x0000000087180000)
 Metaspace       used 20523K, capacity 21128K, committed 21248K, reserved 1067008K
  class space    used 2643K, capacity 2786K, committed 2816K, reserved 1048576K
Event: 2.621 GC heap after
Heap after GC invocations=6 (full 1):
 PSYoungGen      total 71680K, used 0K [0x00000000d5f00000, 0x00000000df100000, 0x0000000100000000)
  eden space 66560K, 0% used [0x00000000d5f00000,0x00000000d5f00000,0x00000000da000000)
  from space 5120K, 0% used [0x00000000da000000,0x00000000da000000,0x00000000da500000)
  to   space 8192K, 0% used [0x00000000de900000,0x00000000de900000,0x00000000df100000)
 ParOldGen       total 54272K, used 7251K [0x0000000081c00000, 0x0000000085100000, 0x00000000d5f00000)
  object space 54272K, 13% used [0x0000000081c00000,0x0000000082314c70,0x0000000085100000)
 Metaspace       used 20523K, capacity 21128K, committed 21248K, reserved 1067008K
  class space    used 2643K, capacity 2786K, committed 2816K, reserved 1048576K
}
Event: 3.202 GC heap before
{Heap before GC invocations=7 (full 1):
 PSYoungGen      total 71680K, used 66560K [0x00000000d5f00000, 0x00000000df100000, 0x0000000100000000)
  eden space 66560K, 100% used [0x00000000d5f00000,0x00000000da000000,0x00000000da000000)
  from space 5120K, 0% used [0x00000000da000000,0x00000000da000000,0x00000000da500000)
  to   space 8192K, 0% used [0x00000000de900000,0x00000000de900000,0x00000000df100000)
 ParOldGen       total 54272K, used 7251K [0x0000000081c00000, 0x0000000085100000, 0x00000000d5f00000)
  object space 54272K, 13% used [0x0000000081c00000,0x0000000082314c70,0x0000000085100000)
 Metaspace       used 25542K, capacity 26378K, committed 26624K, reserved 1073152K
  class space    used 3287K, capacity 3495K, committed 3584K, reserved 1048576K
Event: 3.212 GC heap after
Heap after GC invocations=7 (full 1):
 PSYoungGen      total 117760K, used 6523K [0x00000000d5f00000, 0x00000000def80000, 0x0000000100000000)
  eden space 111104K, 0% used [0x00000000d5f00000,0x00000000d5f00000,0x00000000dcb80000)
  from space 6656K, 98% used [0x00000000de900000,0x00000000def5ef20,0x00000000def80000)
  to   space 8192K, 0% used [0x00000000ddf80000,0x00000000ddf80000,0x00000000de780000)
 ParOldGen       total 54272K, used 7323K [0x0000000081c00000, 0x0000000085100000, 0x00000000d5f00000)
  object space 54272K, 13% used [0x0000000081c00000,0x0000000082326c80,0x0000000085100000)
 Metaspace       used 25542K, capacity 26378K, committed 26624K, reserved 1073152K
  class space    used 3287K, capacity 3495K, committed 3584K, reserved 1048576K
}
Event: 4.189 GC heap before
{Heap before GC invocations=8 (full 1):
 PSYoungGen      total 117760K, used 117627K [0x00000000d5f00000, 0x00000000def80000, 0x0000000100000000)
  eden space 111104K, 100% used [0x00000000d5f00000,0x00000000dcb80000,0x00000000dcb80000)
  from space 6656K, 98% used [0x00000000de900000,0x00000000def5ef20,0x00000000def80000)
  to   space 8192K, 0% used [0x00000000ddf80000,0x00000000ddf80000,0x00000000de780000)
 ParOldGen       total 54272K, used 7323K [0x0000000081c00000, 0x0000000085100000, 0x00000000d5f00000)
  object space 54272K, 13% used [0x0000000081c00000,0x0000000082326c80,0x0000000085100000)
 Metaspace       used 30116K, capacity 31202K, committed 31360K, reserved 1077248K
  class space    used 3933K, capacity 4165K, committed 4224K, reserved 1048576K
Event: 4.201 GC heap after
Heap after GC invocations=8 (full 1):
 PSYoungGen      total 139776K, used 8182K [0x00000000d5f00000, 0x00000000e2700000, 0x0000000100000000)
  eden space 131584K, 0% used [0x00000000d5f00000,0x00000000d5f00000,0x00000000ddf80000)
  from space 8192K, 99% used [0x00000000ddf80000,0x00000000de77da78,0x00000000de780000)
  to   space 11264K, 0% used [0x00000000e1c00000,0x00000000e1c00000,0x00000000e2700000)
 ParOldGen       total 54272K, used 11346K [0x0000000081c00000, 0x0000000085100000, 0x00000000d5f00000)
  object space 54272K, 20% used [0x0000000081c00000,0x0000000082714b38,0x0000000085100000)
 Metaspace       used 30116K, capacity 31202K, committed 31360K, reserved 1077248K
  class space    used 3933K, capacity 4165K, committed 4224K, reserved 1048576K
}
Event: 5.127 GC heap before
{Heap before GC invocations=9 (full 1):
 PSYoungGen      total 139776K, used 66950K [0x00000000d5f00000, 0x00000000e2700000, 0x0000000100000000)
  eden space 131584K, 44% used [0x00000000d5f00000,0x00000000d98640d8,0x00000000ddf80000)
  from space 8192K, 99% used [0x00000000ddf80000,0x00000000de77da78,0x00000000de780000)
  to   space 11264K, 0% used [0x00000000e1c00000,0x00000000e1c00000,0x00000000e2700000)
 ParOldGen       total 54272K, used 11346K [0x0000000081c00000, 0x0000000085100000, 0x00000000d5f00000)
  object space 54272K, 20% used [0x0000000081c00000,0x0000000082714b38,0x0000000085100000)
 Metaspace       used 34089K, capacity 35292K, committed 35416K, reserved 1079296K
  class space    used 4397K, capacity 4642K, committed 4696K, reserved 1048576K
Event: 5.139 GC heap after
Heap after GC invocations=9 (full 1):
 PSYoungGen      total 191488K, used 11260K [0x00000000d5f00000, 0x00000000e4800000, 0x0000000100000000)
  eden space 180224K, 0% used [0x00000000d5f00000,0x00000000d5f00000,0x00000000e0f00000)
  from space 11264K, 99% used [0x00000000e1c00000,0x00000000e26ff080,0x00000000e2700000)
  to   space 13312K, 0% used [0x00000000e0f00000,0x00000000e0f00000,0x00000000e1c00000)
 ParOldGen       total 54272K, used 12940K [0x0000000081c00000, 0x0000000085100000, 0x00000000d5f00000)
  object space 54272K, 23% used [0x0000000081c00000,0x00000000828a30c0,0x0000000085100000)
 Metaspace       used 34089K, capacity 35292K, committed 35416K, reserved 1079296K
  class space    used 4397K, capacity 4642K, committed 4696K, reserved 1048576K
}
Event: 5.139 GC heap before
{Heap before GC invocations=10 (full 2):
 PSYoungGen      total 191488K, used 11260K [0x00000000d5f00000, 0x00000000e4800000, 0x0000000100000000)
  eden space 180224K, 0% used [0x00000000d5f00000,0x00000000d5f00000,0x00000000e0f00000)
  from space 11264K, 99% used [0x00000000e1c00000,0x00000000e26ff080,0x00000000e2700000)
  to   space 13312K, 0% used [0x00000000e0f00000,0x00000000e0f00000,0x00000000e1c00000)
 ParOldGen       total 54272K, used 12940K [0x0000000081c00000, 0x0000000085100000, 0x00000000d5f00000)
  object space 54272K, 23% used [0x0000000081c00000,0x00000000828a30c0,0x0000000085100000)
 Metaspace       used 34089K, capacity 35292K, committed 35416K, reserved 1079296K
  class space    used 4397K, capacity 4642K, committed 4696K, reserved 1048576K
Event: 5.214 GC heap after
Heap after GC invocations=10 (full 2):
 PSYoungGen      total 191488K, used 0K [0x00000000d5f00000, 0x00000000e4800000, 0x0000000100000000)
  eden space 180224K, 0% used [0x00000000d5f00000,0x00000000d5f00000,0x00000000e0f00000)
  from space 11264K, 0% used [0x00000000e1c00000,0x00000000e1c00000,0x00000000e2700000)
  to   space 13312K, 0% used [0x00000000e0f00000,0x00000000e0f00000,0x00000000e1c00000)
 ParOldGen       total 89600K, used 18215K [0x0000000081c00000, 0x0000000087380000, 0x00000000d5f00000)
  object space 89600K, 20% used [0x0000000081c00000,0x0000000082dc9c30,0x0000000087380000)
 Metaspace       used 34089K, capacity 35292K, committed 35416K, reserved 1079296K
  class space    used 4397K, capacity 4642K, committed 4696K, reserved 1048576K
}

Deoptimization events (10 events):
Event: 6.221 Thread 0x00000000023ad800 Uncommon trap: reason=unstable_if action=reinterpret pc=0x00000000035efd48 method=java.util.HashMap.putVal(ILjava/lang/Object;Ljava/lang/Object;ZZ)Ljava/lang/Object; @ 162
Event: 6.221 Thread 0x00000000023ad800 Uncommon trap: reason=unstable_if action=reinterpret pc=0x0000000002e42dbc method=java.util.HashMap.resize()[Ljava/util/HashMap$Node; @ 206
Event: 6.368 Thread 0x00000000023ad800 Uncommon trap: reason=unstable_if action=reinterpret pc=0x00000000036bc7ac method=java.lang.String$CaseInsensitiveComparator.compare(Ljava/lang/String;Ljava/lang/String;)I @ 70
Event: 6.376 Thread 0x00000000023ad800 Uncommon trap: reason=unstable_if action=reinterpret pc=0x000000000329aac8 method=java.lang.String$CaseInsensitiveComparator.compare(Ljava/lang/String;Ljava/lang/String;)I @ 70
Event: 6.434 Thread 0x00000000023ad800 Uncommon trap: reason=unstable_if action=reinterpret pc=0x0000000002d4ccfc method=java.lang.CharacterDataLatin1.isWhitespace(I)Z @ 14
Event: 6.519 Thread 0x00000000023ad800 Uncommon trap: reason=class_check action=maybe_recompile pc=0x00000000035accb8 method=org.springframework.beans.factory.support.AbstractBeanFactory.isTypeMatch(Ljava/lang/String;Lorg/springframework/core/ResolvableType;)Z @ 47
Event: 6.522 Thread 0x00000000023ad800 Uncommon trap: reason=class_check action=maybe_recompile pc=0x00000000035accb8 method=org.springframework.beans.factory.support.AbstractBeanFactory.isTypeMatch(Ljava/lang/String;Lorg/springframework/core/ResolvableType;)Z @ 47
Event: 6.545 Thread 0x00000000023ad800 Uncommon trap: reason=unstable_if action=reinterpret pc=0x0000000002fc30e4 method=org.springframework.asm.ClassReader.readUTF(II[C)Ljava/lang/String; @ 77
Event: 6.590 Thread 0x00000000023ad800 Uncommon trap: reason=unstable_if action=reinterpret pc=0x000000000383264c method=sun.reflect.misc.ReflectUtil.isNonPublicProxyClass(Ljava/lang/Class;)Z @ 33
Event: 6.602 Thread 0x00000000023ad800 Uncommon trap: reason=class_check action=maybe_recompile pc=0x00000000035accb8 method=org.springframework.beans.factory.support.AbstractBeanFactory.isTypeMatch(Ljava/lang/String;Lorg/springframework/core/ResolvableType;)Z @ 47

Classes redefined (0 events):
No events

Internal exceptions (10 events):
Event: 6.629 Thread 0x00000000023ad800 Exception <a 'java/lang/ClassNotFoundException': java/lang/ObjectCustomizer> (0x00000000dd91d610) thrown at [C:\re\workspace\8-2-build-windows-amd64-cygwin\jdk8u171\10807\hotspot\src\share\vm\classfile\systemDictionary.cpp, line 210]
Event: 6.630 Thread 0x00000000023ad800 Exception <a 'java/lang/ClassNotFoundException': com/issac/foundation/company/model/CompanyCustomizer> (0x00000000dd93b1f8) thrown at [C:\re\workspace\8-2-build-windows-amd64-cygwin\jdk8u171\10807\hotspot\src\share\vm\classfile\systemDictionary.cpp, line 
Event: 6.649 Thread 0x00000000023ad800 Exception <a 'java/lang/NoSuchMethodError': java.lang.Object.lambda$toStream$0(Ljava/util/Optional;)Ljava/util/stream/Stream;> (0x00000000dda72700) thrown at [C:\re\workspace\8-2-build-windows-amd64-cygwin\jdk8u171\10807\hotspot\src\share\vm\interpreter\l
Event: 6.651 Thread 0x00000000023ad800 Exception <a 'java/lang/NoSuchMethodError': java.lang.Object.of(Ljava/lang/Object;)Ljava/util/stream/Stream;> (0x00000000dda79830) thrown at [C:\re\workspace\8-2-build-windows-amd64-cygwin\jdk8u171\10807\hotspot\src\share\vm\interpreter\linkResolver.cpp, 
Event: 6.652 Thread 0x00000000023ad800 Exception <a 'java/lang/NoSuchMethodError': java.lang.Object.empty()Ljava/util/stream/Stream;> (0x00000000dda7d9b8) thrown at [C:\re\workspace\8-2-build-windows-amd64-cygwin\jdk8u171\10807\hotspot\src\share\vm\interpreter\linkResolver.cpp, line 620]
Event: 6.654 Thread 0x00000000023ad800 Exception <a 'java/lang/NoSuchMethodError': java.lang.Object.fromNullable(Ljava/lang/Object;)Ljava/util/stream/Stream;> (0x00000000dda986a8) thrown at [C:\re\workspace\8-2-build-windows-amd64-cygwin\jdk8u171\10807\hotspot\src\share\vm\interpreter\linkReso
Event: 6.674 Thread 0x00000000023ad800 Exception <a 'java/lang/ClassNotFoundException': java/lang/ObjectCustomizer> (0x00000000ddb499c8) thrown at [C:\re\workspace\8-2-build-windows-amd64-cygwin\jdk8u171\10807\hotspot\src\share\vm\classfile\systemDictionary.cpp, line 210]
Event: 6.674 Thread 0x00000000023ad800 Exception <a 'java/lang/ClassNotFoundException': com/issac/foundation/user/model/UserCustomizer> (0x00000000ddb65418) thrown at [C:\re\workspace\8-2-build-windows-amd64-cygwin\jdk8u171\10807\hotspot\src\share\vm\classfile\systemDictionary.cpp, line 210]
Event: 6.689 Thread 0x00000000023ad800 Exception <a 'java/lang/ClassNotFoundException': java/lang/ObjectCustomizer> (0x00000000ddc223c8) thrown at [C:\re\workspace\8-2-build-windows-amd64-cygwin\jdk8u171\10807\hotspot\src\share\vm\classfile\systemDictionary.cpp, line 210]
Event: 6.690 Thread 0x00000000023ad800 Exception <a 'java/lang/ClassNotFoundException': com/issac/foundation/user/model/RoleCustomizer> (0x00000000ddc3de18) thrown at [C:\re\workspace\8-2-build-windows-amd64-cygwin\jdk8u171\10807\hotspot\src\share\vm\classfile\systemDictionary.cpp, line 210]

Events (10 events):
Event: 6.737 loading class org/hibernate/engine/jdbc/spi/JdbcCoordinator
Event: 6.737 loading class org/hibernate/engine/jdbc/spi/JdbcCoordinator done
Event: 6.737 loading class org/hibernate/resource/transaction/backend/jdbc/spi/JdbcResourceTransactionAccess
Event: 6.737 loading class org/hibernate/resource/transaction/backend/jdbc/spi/JdbcResourceTransactionAccess done
Event: 6.738 loading class org/hibernate/engine/spi/ExceptionConverter
Event: 6.738 loading class org/hibernate/engine/spi/ExceptionConverter done
Event: 6.738 loading class org/hibernate/query/spi/NativeQueryImplementor
Event: 6.738 loading class org/hibernate/query/spi/NativeQueryImplementor done
Event: 6.739 loading class org/hibernate/query/spi/QueryImplementor
Event: 6.739 loading class org/hibernate/query/spi/QueryImplementor done


Dynamic libraries:
0x00007ff7abb00000 - 0x00007ff7abb37000 	C:\Program Files\Java\jdk1.8.0_171\bin\java.exe
0x00007fffb53f0000 - 0x00007fffb55d1000 	C:\WINDOWS\SYSTEM32\ntdll.dll
0x00007fffb2fb0000 - 0x00007fffb3062000 	C:\WINDOWS\System32\KERNEL32.DLL
0x00007fffb1a00000 - 0x00007fffb1c73000 	C:\WINDOWS\System32\KERNELBASE.dll
0x00007fffb5310000 - 0x00007fffb53b1000 	C:\WINDOWS\System32\ADVAPI32.dll
0x00007fffb30d0000 - 0x00007fffb316e000 	C:\WINDOWS\System32\msvcrt.dll
0x00007fffb3070000 - 0x00007fffb30cb000 	C:\WINDOWS\System32\sechost.dll
0x00007fffb4ff0000 - 0x00007fffb5114000 	C:\WINDOWS\System32\RPCRT4.dll
0x00007fffb4a60000 - 0x00007fffb4bf0000 	C:\WINDOWS\System32\USER32.dll
0x00007fffb1910000 - 0x00007fffb1930000 	C:\WINDOWS\System32\win32u.dll
0x00007fffb5120000 - 0x00007fffb5148000 	C:\WINDOWS\System32\GDI32.dll
0x00007fffb26e0000 - 0x00007fffb2872000 	C:\WINDOWS\System32\gdi32full.dll
0x00007fffb17c0000 - 0x00007fffb185f000 	C:\WINDOWS\System32\msvcp_win.dll
0x00007fffb2390000 - 0x00007fffb248a000 	C:\WINDOWS\System32\ucrtbase.dll
0x00007fff9fbc0000 - 0x00007fff9fe29000 	C:\WINDOWS\WinSxS\amd64_microsoft.windows.common-controls_6595b64144ccf1df_6.0.17134.165_none_fb429645306569ac\COMCTL32.dll
0x00007fffb2880000 - 0x00007fffb2ba3000 	C:\WINDOWS\System32\combase.dll
0x00007fffb1980000 - 0x00007fffb19fa000 	C:\WINDOWS\System32\bcryptPrimitives.dll
0x00007fffb2db0000 - 0x00007fffb2ddd000 	C:\WINDOWS\System32\IMM32.DLL
0x000000006e270000 - 0x000000006e342000 	C:\Program Files\Java\jdk1.8.0_171\jre\bin\msvcr100.dll
0x000000006d9d0000 - 0x000000006e270000 	C:\Program Files\Java\jdk1.8.0_171\jre\bin\server\jvm.dll
0x00007fffb5150000 - 0x00007fffb5158000 	C:\WINDOWS\System32\PSAPI.DLL
0x00007fffaaf50000 - 0x00007fffaaf73000 	C:\WINDOWS\SYSTEM32\WINMM.dll
0x00007fffa24a0000 - 0x00007fffa24aa000 	C:\WINDOWS\SYSTEM32\VERSION.dll
0x00007fffa24d0000 - 0x00007fffa24d9000 	C:\WINDOWS\SYSTEM32\WSOCK32.dll
0x00007fffb4f80000 - 0x00007fffb4fec000 	C:\WINDOWS\System32\WS2_32.dll
0x00007fffaaf20000 - 0x00007fffaaf4a000 	C:\WINDOWS\SYSTEM32\winmmbase.dll
0x00007fffb1930000 - 0x00007fffb1979000 	C:\WINDOWS\System32\cfgmgr32.dll
0x000000006d9c0000 - 0x000000006d9cf000 	C:\Program Files\Java\jdk1.8.0_171\jre\bin\verify.dll
0x000000006d990000 - 0x000000006d9b9000 	C:\Program Files\Java\jdk1.8.0_171\jre\bin\java.dll
0x000000006d3e0000 - 0x000000006d403000 	C:\Program Files\Java\jdk1.8.0_171\jre\bin\instrument.dll
0x000000006d970000 - 0x000000006d986000 	C:\Program Files\Java\jdk1.8.0_171\jre\bin\zip.dll
0x00007fffb35c0000 - 0x00007fffb4a00000 	C:\WINDOWS\System32\SHELL32.dll
0x00007fffb2f00000 - 0x00007fffb2fa9000 	C:\WINDOWS\System32\shcore.dll
0x00007fffb1c80000 - 0x00007fffb238d000 	C:\WINDOWS\System32\windows.storage.dll
0x00007fffb4f20000 - 0x00007fffb4f71000 	C:\WINDOWS\System32\shlwapi.dll
0x00007fffb17a0000 - 0x00007fffb17b1000 	C:\WINDOWS\System32\kernel.appcore.dll
0x00007fffb1750000 - 0x00007fffb176f000 	C:\WINDOWS\System32\profapi.dll
0x00007fffb1700000 - 0x00007fffb174c000 	C:\WINDOWS\System32\powrprof.dll
0x00007fffb1790000 - 0x00007fffb179a000 	C:\WINDOWS\System32\FLTLIB.DLL
0x00007fffada30000 - 0x00007fffada4a000 	D:\JetBrains\IntelliJ IDEA Community Edition 2018.1.6\bin\breakgen64.dll
0x000000006d950000 - 0x000000006d96a000 	C:\Program Files\Java\jdk1.8.0_171\jre\bin\net.dll
0x00007fffb0f80000 - 0x00007fffb0fe6000 	C:\WINDOWS\system32\mswsock.dll
0x000000006d930000 - 0x000000006d941000 	C:\Program Files\Java\jdk1.8.0_171\jre\bin\nio.dll
0x000000006d800000 - 0x000000006d80d000 	C:\Program Files\Java\jdk1.8.0_171\jre\bin\management.dll
0x00007fffa88d0000 - 0x00007fffa88e6000 	C:\WINDOWS\system32\napinsp.dll
0x00007fffa78e0000 - 0x00007fffa78fa000 	C:\WINDOWS\system32\pnrpnsp.dll
0x00007fffad4e0000 - 0x00007fffad4f9000 	C:\WINDOWS\system32\NLAapi.dll
0x00007fffb0d40000 - 0x00007fffb0dfe000 	C:\WINDOWS\SYSTEM32\DNSAPI.dll
0x00007fffb5300000 - 0x00007fffb5308000 	C:\WINDOWS\System32\NSI.dll
0x00007fffb0d00000 - 0x00007fffb0d38000 	C:\WINDOWS\SYSTEM32\IPHLPAPI.DLL
0x00007fffac0c0000 - 0x00007fffac0ce000 	C:\WINDOWS\System32\winrnr.dll
0x00007fffab530000 - 0x00007fffab545000 	C:\WINDOWS\System32\wshbth.dll
0x00007fffa5490000 - 0x00007fffa549a000 	C:\Windows\System32\rasadhlp.dll
0x00007fffa5660000 - 0x00007fffa56d2000 	C:\WINDOWS\System32\fwpuclnt.dll
0x00007fffb1260000 - 0x00007fffb1285000 	C:\WINDOWS\SYSTEM32\bcrypt.dll
0x00007fffb1130000 - 0x00007fffb1147000 	C:\WINDOWS\SYSTEM32\CRYPTSP.dll
0x00007fffb0b60000 - 0x00007fffb0b93000 	C:\WINDOWS\system32\rsaenh.dll
0x00007fffb1630000 - 0x00007fffb1658000 	C:\WINDOWS\SYSTEM32\USERENV.dll
0x00007fffb1150000 - 0x00007fffb115b000 	C:\WINDOWS\SYSTEM32\CRYPTBASE.dll
0x00007fffaac40000 - 0x00007fffaac56000 	C:\WINDOWS\SYSTEM32\dhcpcsvc6.DLL
0x00007fffaaf00000 - 0x00007fffaaf1a000 	C:\WINDOWS\SYSTEM32\dhcpcsvc.DLL

VM Arguments:
jvm_args: -Didea.test.cyclic.buffer.size=1048576 -javaagent:D:\JetBrains\IntelliJ IDEA Community Edition 2018.1.6\lib\idea_rt.jar=53334:D:\JetBrains\IntelliJ IDEA Community Edition 2018.1.6\bin -Dfile.encoding=UTF-8 
java_command: com.intellij.rt.execution.junit.JUnitStarter -ideVersion5 -junit4 com.issac.foundation.UserApplicationTests,contextLoads
java_class_path (initial): D:\JetBrains\IntelliJ IDEA Community Edition 2018.1.6\lib\idea_rt.jar;D:\JetBrains\IntelliJ IDEA Community Edition 2018.1.6\plugins\junit\lib\junit-rt.jar;D:\JetBrains\IntelliJ IDEA Community Edition 2018.1.6\plugins\junit\lib\junit5-rt.jar;C:\Program Files\Java\jdk1.8.0_171\jre\lib\charsets.jar;C:\Program Files\Java\jdk1.8.0_171\jre\lib\deploy.jar;C:\Program Files\Java\jdk1.8.0_171\jre\lib\ext\access-bridge-64.jar;C:\Program Files\Java\jdk1.8.0_171\jre\lib\ext\cldrdata.jar;C:\Program Files\Java\jdk1.8.0_171\jre\lib\ext\dnsns.jar;C:\Program Files\Java\jdk1.8.0_171\jre\lib\ext\jaccess.jar;C:\Program Files\Java\jdk1.8.0_171\jre\lib\ext\jfxrt.jar;C:\Program Files\Java\jdk1.8.0_171\jre\lib\ext\localedata.jar;C:\Program Files\Java\jdk1.8.0_171\jre\lib\ext\nashorn.jar;C:\Program Files\Java\jdk1.8.0_171\jre\lib\ext\sunec.jar;C:\Program Files\Java\jdk1.8.0_171\jre\lib\ext\sunjce_provider.jar;C:\Program Files\Java\jdk1.8.0_171\jre\lib\ext\sunmscapi.jar;C:\Program Files\Java\jdk1.8.0_171\jre\lib\ext\sunpkcs11.jar;C:\Program Files\Java\jdk1.8.0_171\jre\lib\ext\zipfs.jar;C:\Program Files\Java\jdk1.8.0_171\jre\lib\javaws.jar;C:\Program Files\Java\jdk1.8.0_171\jre\lib\jce.jar;C:\Program Files\Java\jdk1.8.0_171\jre\lib\jfr.jar;C:\Program Files\Java\jdk1.8.0_171\jre\lib\jfxswt.jar;C:\Program Files\Java\jdk1.8.0_171\jre\lib\jsse.jar;C:\Program Files\Java\jdk1.8.0_171\jre\lib\management-agent.jar;C:\Program Files\Java\jdk1.8.0_171\jre\lib\plugin.jar;C:\Program Files\Java\jdk1.8.0_171\jre\lib\resources.jar;C:\Program Files\Java\jdk1.8.0_171\jre\lib\rt.jar;D:\DEV\git\americanoRepo\foundation\target\test-classes;D:\DEV\git\americanoRepo\foundation\target\classes;C:\Users\JJ\.m2\repository\org\springframework\boot\spring-boot-starter-data-jpa\2.0.3.RELEASE\spring-boot-starter-data-jpa-2.0.3.RELEASE.jar;C:\Users\JJ\.m2\repository\org\springframework\boot\spring-boot-starter\2.0.3.RELEASE\spring-boot-starter-2.0.3.RELEASE.jar;C:\Users\JJ\.m2\repository\org\spri
Launcher Type: SUN_STANDARD

Environment Variables:
JAVA_HOME=C:\Program Files\Java\jdk1.8.0_171
PATH=C:\Program Files (x86)\Common Files\Oracle\Java\javapath;C:\Program Files (x86)\Intel\iCLS Client\;C:\Program Files\Intel\iCLS Client\;C:\WINDOWS\system32;C:\WINDOWS;C:\WINDOWS\System32\Wbem;C:\WINDOWS\System32\WindowsPowerShell\v1.0\;C:\Program Files (x86)\Intel\Intel(R) Management Engine Components\DAL;C:\Program Files\Intel\Intel(R) Management Engine Components\DAL;C:\Program Files (x86)\Intel\Intel(R) Management Engine Components\IPT;C:\Program Files\Intel\Intel(R) Management Engine Components\IPT;C:\Program Files\Intel\WiFi\bin\;C:\Program Files\Common Files\Intel\WirelessCommon\;C:\WINDOWS\System32\OpenSSH\;d:\Git\cmd;D:\nodejs\;d:\Microsoft VS Code\bin;C:\Program Files\Java\jdk1.8.0_171\bin;C:\Users\JJ\AppData\Local\Microsoft\WindowsApps;C:\Program Files\Bandizip\;C:\Users\JJ\AppData\Roaming\npm;d:\Microsoft VS Code\bin
USERNAME=JJ
OS=Windows_NT
PROCESSOR_IDENTIFIER=Intel64 Family 6 Model 142 Stepping 9, GenuineIntel



---------------  S Y S T E M  ---------------

OS: Windows 10.0 , 64 bit Build 17134 (10.0.17134.1)

CPU:total 4 (initial active 4) (2 cores per cpu, 2 threads per core) family 6 model 142 stepping 9, cmov, cx8, fxsr, mmx, sse, sse2, sse3, ssse3, sse4.1, sse4.2, popcnt, avx, avx2, aes, clmul, erms, 3dnowpref, lzcnt, ht, tsc, tscinvbit, bmi1, bmi2, adx

Memory: 4k page, physical 8268656k(1057472k free), swap 8268656k(3648k free)

vm_info: Java HotSpot(TM) 64-Bit Server VM (25.171-b11) for windows-amd64 JRE (1.8.0_171-b11), built on Mar 28 2018 16:06:12 by "java_re" with MS VC++ 10.0 (VS2010)

time: Thu Aug 02 15:43:28 2018
elapsed time: 6 seconds (0d 0h 0m 6s)

