#
# There is insufficient memory for the Java Runtime Environment to continue.
# Native memory allocation (malloc) failed to allocate 32744 bytes for ChunkPool::allocate
# Possible reasons:
#   The system is out of physical RAM or swap space
#   In 32 bit mode, the process size limit was hit
# Possible solutions:
#   Reduce memory load on the system
#   Increase physical memory or swap space
#   Check if swap backing store is full
#   Use 64 bit Java on a 64 bit OS
#   Decrease Java heap size (-Xmx/-Xms)
#   Decrease number of Java threads
#   Decrease Java thread stack sizes (-Xss)
#   Set larger code cache with -XX:ReservedCodeCacheSize=
# This output file may be truncated or incomplete.
#
#  Out of Memory Error (allocation.cpp:273), pid=16596, tid=0x00000000000042dc
#
# JRE version: Java(TM) SE Runtime Environment (8.0_171-b11) (build 1.8.0_171-b11)
# Java VM: Java HotSpot(TM) 64-Bit Server VM (25.171-b11 mixed mode windows-amd64 compressed oops)
# Failed to write core dump. Minidumps are not enabled by default on client versions of Windows
#

---------------  T H R E A D  ---------------

Current thread (0x00000000195eb000):  JavaThread "C1 CompilerThread2" daemon [_thread_in_native, id=17116, stack(0x0000000019de0000,0x0000000019ee0000)]

Stack: [0x0000000019de0000,0x0000000019ee0000]
[error occurred during error reporting (printing stack bounds), id 0xc0000005]

Native frames: (J=compiled Java code, j=interpreted, Vv=VM code, C=native code)


Current CompileTask:
C1:   6099 5007       3       java.util.Collections$SetFromMap::contains (11 bytes)


---------------  P R O C E S S  ---------------

Java Threads: ( => current thread )
  0x000000001ccf5000 JavaThread "main" [_thread_in_vm, id=10048, stack(0x000000001e250000,0x000000001e350000)]
  0x0000000019671800 JavaThread "Service Thread" daemon [_thread_blocked, id=22628, stack(0x0000000019ee0000,0x0000000019fe0000)]
=>0x00000000195eb000 JavaThread "C1 CompilerThread2" daemon [_thread_in_native, id=17116, stack(0x0000000019de0000,0x0000000019ee0000)]
  0x000000001825d800 JavaThread "C2 CompilerThread1" daemon [_thread_in_native, id=17172, stack(0x0000000019ce0000,0x0000000019de0000)]
  0x000000001825a800 JavaThread "C2 CompilerThread0" daemon [_thread_in_native, id=3772, stack(0x0000000019be0000,0x0000000019ce0000)]
  0x000000001820f800 JavaThread "Attach Listener" daemon [_thread_blocked, id=10844, stack(0x0000000019ae0000,0x0000000019be0000)]
  0x00000000195e8800 JavaThread "Signal Dispatcher" daemon [_thread_blocked, id=16264, stack(0x00000000199e0000,0x0000000019ae0000)]
  0x00000000036cc000 JavaThread "Finalizer" daemon [_thread_blocked, id=10684, stack(0x0000000019450000,0x0000000019550000)]
  0x00000000036c1000 JavaThread "Reference Handler" daemon [_thread_blocked, id=19700, stack(0x0000000019350000,0x0000000019450000)]
  0x0000000000f9e800 JavaThread "main" [_thread_blocked, id=23944, stack(0x0000000003100000,0x0000000003200000)]

Other Threads:
  0x00000000181c8000 VMThread [stack: 0x0000000019250000,0x0000000019350000] [id=10284]
  0x00000000196a8800 WatcherThread [stack: 0x0000000019fe0000,0x000000001a0e0000] [id=25036]

VM state:not at safepoint (normal execution)

VM Mutex/Monitor currently owned by a thread: None

Heap:
 PSYoungGen      total 142848K, used 89822K [0x00000000d5f00000, 0x00000000e3800000, 0x0000000100000000)
  eden space 130048K, 69% used [0x00000000d5f00000,0x00000000db6b7840,0x00000000dde00000)
  from space 12800K, 0% used [0x00000000ded80000,0x00000000ded80000,0x00000000dfa00000)
  to   space 15872K, 0% used [0x00000000dde00000,0x00000000dde00000,0x00000000ded80000)
 ParOldGen       total 81408K, used 34311K [0x0000000081c00000, 0x0000000086b80000, 0x00000000d5f00000)
  object space 81408K, 42% used [0x0000000081c00000,0x0000000083d81e28,0x0000000086b80000)
 Metaspace       used 38112K, capacity 39448K, committed 39552K, reserved 1083392K
  class space    used 4832K, capacity 5170K, committed 5248K, reserved 1048576K

Card table byte_map: [0x0000000012a90000,0x0000000012e90000] byte_map_base: 0x0000000012682000

Marking Bits: (ParMarkBitMap*) 0x0000000061a208c0
 Begin Bits: [0x0000000013540000, 0x00000000154d0000)
 End Bits:   [0x00000000154d0000, 0x0000000017460000)

Polling page: 0x00000000018d0000

CodeCache: size=245760Kb used=14629Kb max_used=14629Kb free=231130Kb
 bounds [0x00000000036d0000, 0x0000000004530000, 0x00000000126d0000]
 total_blobs=4835 nmethods=4396 adapters=351
 compilation: enabled

Compilation events (10 events):
Event: 6.079 Thread 0x00000000195eb000 nmethod 5001 0x000000000387a7d0 code [0x000000000387a920, 0x000000000387aa30]
Event: 6.083 Thread 0x00000000195eb000 5002       3       org.springframework.beans.factory.support.AbstractBeanFactory::isFactoryBean (65 bytes)
Event: 6.084 Thread 0x00000000195eb000 nmethod 5002 0x000000000451cd90 code [0x000000000451d020, 0x000000000451e778]
Event: 6.084 Thread 0x00000000195eb000 5003       1       org.springframework.beans.factory.support.AbstractBeanDefinition::getFactoryMethodName (5 bytes)
Event: 6.084 Thread 0x00000000195eb000 nmethod 5003 0x000000000387a510 code [0x000000000387a660, 0x000000000387a770]
Event: 6.085 Thread 0x00000000195eb000 5004       3       org.springframework.util.ReflectionUtils::lambda$getUniqueDeclaredMethods$0 (137 bytes)
Event: 6.086 Thread 0x00000000195eb000 nmethod 5004 0x000000000451ee10 code [0x000000000451f080, 0x0000000004520368]
Event: 6.092 Thread 0x00000000195eb000 5006       3       org.springframework.util.ReflectionUtils$$Lambda$169/1895415503::doWith (9 bytes)
Event: 6.092 Thread 0x00000000195eb000 nmethod 5006 0x0000000004520c10 code [0x0000000004520d80, 0x0000000004520f08]
Event: 6.092 Thread 0x00000000195eb000 5007       3       java.util.Collections$SetFromMap::contains (11 bytes)

GC Heap History (10 events):
Event: 3.250 GC heap before
{Heap before GC invocations=6 (full 0):
 PSYoungGen      total 71680K, used 71657K [0x00000000d5f00000, 0x00000000dfa00000, 0x0000000100000000)
  eden space 66560K, 100% used [0x00000000d5f00000,0x00000000da000000,0x00000000da000000)
  from space 5120K, 99% used [0x00000000da000000,0x00000000da4fa610,0x00000000da500000)
  to   space 12800K, 0% used [0x00000000ded80000,0x00000000ded80000,0x00000000dfa00000)
 ParOldGen       total 87552K, used 17265K [0x0000000081c00000, 0x0000000087180000, 0x00000000d5f00000)
  object space 87552K, 19% used [0x0000000081c00000,0x0000000082cdc570,0x0000000087180000)
 Metaspace       used 17983K, capacity 18538K, committed 18688K, reserved 1064960K
  class space    used 2085K, capacity 2233K, committed 2304K, reserved 1048576K
Event: 3.264 GC heap after
Heap after GC invocations=6 (full 0):
 PSYoungGen      total 145408K, used 10657K [0x00000000d5f00000, 0x00000000dfb00000, 0x0000000100000000)
  eden space 132608K, 0% used [0x00000000d5f00000,0x00000000d5f00000,0x00000000de080000)
  from space 12800K, 83% used [0x00000000ded80000,0x00000000df7e8488,0x00000000dfa00000)
  to   space 13312K, 0% used [0x00000000de080000,0x00000000de080000,0x00000000ded80000)
 ParOldGen       total 87552K, used 17265K [0x0000000081c00000, 0x0000000087180000, 0x00000000d5f00000)
  object space 87552K, 19% used [0x0000000081c00000,0x0000000082cdc570,0x0000000087180000)
 Metaspace       used 17983K, capacity 18538K, committed 18688K, reserved 1064960K
  class space    used 2085K, capacity 2233K, committed 2304K, reserved 1048576K
}
Event: 3.857 GC heap before
{Heap before GC invocations=7 (full 0):
 PSYoungGen      total 145408K, used 62843K [0x00000000d5f00000, 0x00000000dfb00000, 0x0000000100000000)
  eden space 132608K, 39% used [0x00000000d5f00000,0x00000000d91f6920,0x00000000de080000)
  from space 12800K, 83% used [0x00000000ded80000,0x00000000df7e8488,0x00000000dfa00000)
  to   space 13312K, 0% used [0x00000000de080000,0x00000000de080000,0x00000000ded80000)
 ParOldGen       total 87552K, used 17265K [0x0000000081c00000, 0x0000000087180000, 0x00000000d5f00000)
  object space 87552K, 19% used [0x0000000081c00000,0x0000000082cdc570,0x0000000087180000)
 Metaspace       used 20365K, capacity 21114K, committed 21296K, reserved 1069056K
  class space    used 2394K, capacity 2631K, committed 2688K, reserved 1048576K
Event: 3.874 GC heap after
Heap after GC invocations=7 (full 0):
 PSYoungGen      total 145920K, used 12043K [0x00000000d5f00000, 0x00000000dfb00000, 0x0000000100000000)
  eden space 132608K, 0% used [0x00000000d5f00000,0x00000000d5f00000,0x00000000de080000)
  from space 13312K, 90% used [0x00000000de080000,0x00000000dec42f90,0x00000000ded80000)
  to   space 12800K, 0% used [0x00000000ded80000,0x00000000ded80000,0x00000000dfa00000)
 ParOldGen       total 87552K, used 18249K [0x0000000081c00000, 0x0000000087180000, 0x00000000d5f00000)
  object space 87552K, 20% used [0x0000000081c00000,0x0000000082dd2400,0x0000000087180000)
 Metaspace       used 20365K, capacity 21114K, committed 21296K, reserved 1069056K
  class space    used 2394K, capacity 2631K, committed 2688K, reserved 1048576K
}
Event: 3.874 GC heap before
{Heap before GC invocations=8 (full 1):
 PSYoungGen      total 145920K, used 12043K [0x00000000d5f00000, 0x00000000dfb00000, 0x0000000100000000)
  eden space 132608K, 0% used [0x00000000d5f00000,0x00000000d5f00000,0x00000000de080000)
  from space 13312K, 90% used [0x00000000de080000,0x00000000dec42f90,0x00000000ded80000)
  to   space 12800K, 0% used [0x00000000ded80000,0x00000000ded80000,0x00000000dfa00000)
 ParOldGen       total 87552K, used 18249K [0x0000000081c00000, 0x0000000087180000, 0x00000000d5f00000)
  object space 87552K, 20% used [0x0000000081c00000,0x0000000082dd2400,0x0000000087180000)
 Metaspace       used 20365K, capacity 21114K, committed 21296K, reserved 1069056K
  class space    used 2394K, capacity 2631K, committed 2688K, reserved 1048576K
Event: 3.979 GC heap after
Heap after GC invocations=8 (full 1):
 PSYoungGen      total 145920K, used 0K [0x00000000d5f00000, 0x00000000dfb00000, 0x0000000100000000)
  eden space 132608K, 0% used [0x00000000d5f00000,0x00000000d5f00000,0x00000000de080000)
  from space 13312K, 0% used [0x00000000de080000,0x00000000de080000,0x00000000ded80000)
  to   space 12800K, 0% used [0x00000000ded80000,0x00000000ded80000,0x00000000dfa00000)
 ParOldGen       total 81408K, used 23217K [0x0000000081c00000, 0x0000000086b80000, 0x00000000d5f00000)
  object space 81408K, 28% used [0x0000000081c00000,0x00000000832ac5a8,0x0000000086b80000)
 Metaspace       used 20365K, capacity 21114K, committed 21296K, reserved 1069056K
  class space    used 2394K, capacity 2631K, committed 2688K, reserved 1048576K
}
Event: 5.251 GC heap before
{Heap before GC invocations=9 (full 1):
 PSYoungGen      total 145920K, used 106660K [0x00000000d5f00000, 0x00000000dfb00000, 0x0000000100000000)
  eden space 132608K, 80% used [0x00000000d5f00000,0x00000000dc729110,0x00000000de080000)
  from space 13312K, 0% used [0x00000000de080000,0x00000000de080000,0x00000000ded80000)
  to   space 12800K, 0% used [0x00000000ded80000,0x00000000ded80000,0x00000000dfa00000)
 ParOldGen       total 81408K, used 23217K [0x0000000081c00000, 0x0000000086b80000, 0x00000000d5f00000)
  object space 81408K, 28% used [0x0000000081c00000,0x00000000832ac5a8,0x0000000086b80000)
 Metaspace       used 34116K, capacity 35216K, committed 35456K, reserved 1079296K
  class space    used 4289K, capacity 4622K, committed 4736K, reserved 1048576K
Event: 5.266 GC heap after
Heap after GC invocations=9 (full 1):
 PSYoungGen      total 142848K, used 12788K [0x00000000d5f00000, 0x00000000e3800000, 0x0000000100000000)
  eden space 130048K, 0% used [0x00000000d5f00000,0x00000000d5f00000,0x00000000dde00000)
  from space 12800K, 99% used [0x00000000ded80000,0x00000000df9fd3d8,0x00000000dfa00000)
  to   space 15872K, 0% used [0x00000000dde00000,0x00000000dde00000,0x00000000ded80000)
 ParOldGen       total 81408K, used 24240K [0x0000000081c00000, 0x0000000086b80000, 0x00000000d5f00000)
  object space 81408K, 29% used [0x0000000081c00000,0x00000000833ac1f8,0x0000000086b80000)
 Metaspace       used 34116K, capacity 35216K, committed 35456K, reserved 1079296K
  class space    used 4289K, capacity 4622K, committed 4736K, reserved 1048576K
}
Event: 5.266 GC heap before
{Heap before GC invocations=10 (full 2):
 PSYoungGen      total 142848K, used 12788K [0x00000000d5f00000, 0x00000000e3800000, 0x0000000100000000)
  eden space 130048K, 0% used [0x00000000d5f00000,0x00000000d5f00000,0x00000000dde00000)
  from space 12800K, 99% used [0x00000000ded80000,0x00000000df9fd3d8,0x00000000dfa00000)
  to   space 15872K, 0% used [0x00000000dde00000,0x00000000dde00000,0x00000000ded80000)
 ParOldGen       total 81408K, used 24240K [0x0000000081c00000, 0x0000000086b80000, 0x00000000d5f00000)
  object space 81408K, 29% used [0x0000000081c00000,0x00000000833ac1f8,0x0000000086b80000)
 Metaspace       used 34116K, capacity 35216K, committed 35456K, reserved 1079296K
  class space    used 4289K, capacity 4622K, committed 4736K, reserved 1048576K
Event: 5.396 GC heap after
Heap after GC invocations=10 (full 2):
 PSYoungGen      total 142848K, used 0K [0x00000000d5f00000, 0x00000000e3800000, 0x0000000100000000)
  eden space 130048K, 0% used [0x00000000d5f00000,0x00000000d5f00000,0x00000000dde00000)
  from space 12800K, 0% used [0x00000000ded80000,0x00000000ded80000,0x00000000dfa00000)
  to   space 15872K, 0% used [0x00000000dde00000,0x00000000dde00000,0x00000000ded80000)
 ParOldGen       total 81408K, used 34311K [0x0000000081c00000, 0x0000000086b80000, 0x00000000d5f00000)
  object space 81408K, 42% used [0x0000000081c00000,0x0000000083d81e28,0x0000000086b80000)
 Metaspace       used 34116K, capacity 35216K, committed 35456K, reserved 1079296K
  class space    used 4289K, capacity 4622K, committed 4736K, reserved 1048576K
}

Deoptimization events (10 events):
Event: 5.559 Thread 0x000000001f26d000 Uncommon trap: reason=unstable_if action=reinterpret pc=0x0000000003c2bfd0 method=com.sun.org.apache.xerces.internal.impl.XMLEntityScanner.scanLiteral(ILcom/sun/org/apache/xerces/internal/xni/XMLString;Z)I @ 44
Event: 5.593 Thread 0x000000001f26d000 Uncommon trap: reason=unstable_if action=reinterpret pc=0x00000000038a6bd0 method=com.sun.org.apache.xerces.internal.util.SymbolTable.addSymbol([CII)Ljava/lang/String; @ 38
Event: 5.717 Thread 0x000000001f26d000 Uncommon trap: reason=predicate action=maybe_recompile pc=0x00000000039d47c4 method=java.lang.String.regionMatches(ZILjava/lang/String;II)Z @ 63
Event: 5.794 Thread 0x000000001ccf5000 Uncommon trap: reason=class_check action=maybe_recompile pc=0x0000000004388f60 method=java.net.URLClassLoader.defineClass(Ljava/lang/String;Lsun/misc/Resource;)Ljava/lang/Class; @ 13
Event: 5.795 Thread 0x000000001ccf5000 Uncommon trap: reason=class_check action=maybe_recompile pc=0x0000000004388f60 method=java.net.URLClassLoader.defineClass(Ljava/lang/String;Lsun/misc/Resource;)Ljava/lang/Class; @ 13
Event: 5.796 Thread 0x000000001ccf5000 Uncommon trap: reason=class_check action=maybe_recompile pc=0x0000000004388f60 method=java.net.URLClassLoader.defineClass(Ljava/lang/String;Lsun/misc/Resource;)Ljava/lang/Class; @ 13
Event: 5.796 Thread 0x000000001ccf5000 Uncommon trap: reason=class_check action=maybe_recompile pc=0x0000000004388f60 method=java.net.URLClassLoader.defineClass(Ljava/lang/String;Lsun/misc/Resource;)Ljava/lang/Class; @ 13
Event: 5.798 Thread 0x000000001ccf5000 Uncommon trap: reason=class_check action=maybe_recompile pc=0x00000000043a85d8 method=java.net.URLClassLoader.defineClass(Ljava/lang/String;Lsun/misc/Resource;)Ljava/lang/Class; @ 13
Event: 6.069 Thread 0x000000001ccf5000 Uncommon trap: reason=bimorphic action=maybe_recompile pc=0x00000000041527a8 method=java.util.Collections$UnmodifiableMap$UnmodifiableEntrySet$1.next()Ljava/util/Map$Entry; @ 8
Event: 6.070 Thread 0x000000001ccf5000 Uncommon trap: reason=class_check action=maybe_recompile pc=0x0000000004185a40 method=java.util.Collections$UnmodifiableMap$UnmodifiableEntrySet$UnmodifiableEntry.getValue()Ljava/lang/Object; @ 4

Classes redefined (0 events):
No events

Internal exceptions (10 events):
Event: 5.151 Thread 0x000000001ccf5000 Exception <a 'java/lang/ClassNotFoundException': org/springframework/context/annotation/ConfigurationClassPostProcessorCustomizer> (0x00000000dc017a18) thrown at [C:\re\workspace\8-2-build-windows-amd64-cygwin\jdk8u171\10807\hotspot\src\share\vm\classfile
Event: 5.159 Thread 0x000000001ccf5000 Exception <a 'java/lang/ClassNotFoundException': org/springframework/beans/factory/support/BeanDefinitionRegistryPostProcessorCustomizer> (0x00000000dc06bbc8) thrown at [C:\re\workspace\8-2-build-windows-amd64-cygwin\jdk8u171\10807\hotspot\src\share\vm\cl
Event: 5.159 Thread 0x000000001ccf5000 Exception <a 'java/lang/ClassNotFoundException': org/springframework/core/PriorityOrderedCustomizer> (0x00000000dc07d978) thrown at [C:\re\workspace\8-2-build-windows-amd64-cygwin\jdk8u171\10807\hotspot\src\share\vm\classfile\systemDictionary.cpp, line 21
Event: 5.160 Thread 0x000000001ccf5000 Exception <a 'java/lang/ClassNotFoundException': org/springframework/context/ResourceLoaderAwareCustomizer> (0x00000000dc0901a8) thrown at [C:\re\workspace\8-2-build-windows-amd64-cygwin\jdk8u171\10807\hotspot\src\share\vm\classfile\systemDictionary.cpp, 
Event: 5.160 Thread 0x000000001ccf5000 Exception <a 'java/lang/ClassNotFoundException': org/springframework/beans/factory/BeanClassLoaderAwareCustomizer> (0x00000000dc0a5608) thrown at [C:\re\workspace\8-2-build-windows-amd64-cygwin\jdk8u171\10807\hotspot\src\share\vm\classfile\systemDictionar
Event: 5.161 Thread 0x000000001ccf5000 Exception <a 'java/lang/ClassNotFoundException': org/springframework/context/EnvironmentAwareCustomizer> (0x00000000dc0b86d0) thrown at [C:\re\workspace\8-2-build-windows-amd64-cygwin\jdk8u171\10807\hotspot\src\share\vm\classfile\systemDictionary.cpp, lin
Event: 5.176 Thread 0x000000001f26d000 Exception <a 'java/lang/IncompatibleClassChangeError': Found class java.lang.Object, but interface was expected> (0x00000000dc12f960) thrown at [C:\re\workspace\8-2-build-windows-amd64-cygwin\jdk8u171\10807\hotspot\src\share\vm\interpreter\linkResolver.cp
Event: 5.179 Thread 0x000000001ccf5000 Exception <a 'java/lang/NoClassDefFoundError': org/reactivestreams/Publisher> (0x00000000dc1fba38) thrown at [C:\re\workspace\8-2-build-windows-amd64-cygwin\jdk8u171\10807\hotspot\src\share\vm\classfile\systemDictionary.cpp, line 199]
Event: 5.180 Thread 0x000000001ccf5000 Exception <a 'java/lang/NoClassDefFoundError': rx/Observable> (0x00000000dc2072f8) thrown at [C:\re\workspace\8-2-build-windows-amd64-cygwin\jdk8u171\10807\hotspot\src\share\vm\classfile\systemDictionary.cpp, line 199]
Event: 5.180 Thread 0x000000001ccf5000 Exception <a 'java/lang/NoClassDefFoundError': org/reactivestreams/Publisher> (0x00000000dc214dd8) thrown at [C:\re\workspace\8-2-build-windows-amd64-cygwin\jdk8u171\10807\hotspot\src\share\vm\classfile\systemDictionary.cpp, line 199]

Events (10 events):
Event: 6.090 loading class org/springframework/web/servlet/config/annotation/ResourceHandlerRegistry done
Event: 6.090 loading class org/springframework/validation/MessageCodesResolver
Event: 6.090 loading class org/springframework/validation/MessageCodesResolver done
Event: 6.090 loading class org/springframework/web/servlet/config/annotation/ViewResolverRegistry
Event: 6.090 loading class org/springframework/web/servlet/config/annotation/ViewResolverRegistry done
Event: 6.091 loading class org/springframework/security/crypto/bcrypt/BCryptPasswordEncoder
Event: 6.091 loading class org/springframework/security/crypto/bcrypt/BCryptPasswordEncoder done
Event: 6.092 loading class org/springframework/boot/autoconfigure/context/PropertyPlaceholderAutoConfiguration
Event: 6.092 loading class org/springframework/boot/autoconfigure/context/PropertyPlaceholderAutoConfiguration done
Event: 6.092 loading class java/util/HashMap$EntrySpliterator


Dynamic libraries:
0x00007ff79a110000 - 0x00007ff79a147000 	C:\Program Files\Java\jdk1.8.0_171\bin\java.exe
0x00007ffebb3c0000 - 0x00007ffebb5a1000 	C:\WINDOWS\SYSTEM32\ntdll.dll
0x00007ffeb9c10000 - 0x00007ffeb9cc2000 	C:\WINDOWS\System32\KERNEL32.DLL
0x00007ffeb7b80000 - 0x00007ffeb7df3000 	C:\WINDOWS\System32\KERNELBASE.dll
0x00007ffeb9900000 - 0x00007ffeb99a1000 	C:\WINDOWS\System32\ADVAPI32.dll
0x00007ffeb99b0000 - 0x00007ffeb9a4e000 	C:\WINDOWS\System32\msvcrt.dll
0x00007ffebb110000 - 0x00007ffebb16b000 	C:\WINDOWS\System32\sechost.dll
0x00007ffeb8ac0000 - 0x00007ffeb8be4000 	C:\WINDOWS\System32\RPCRT4.dll
0x00007ffeb9a80000 - 0x00007ffeb9c10000 	C:\WINDOWS\System32\USER32.dll
0x00007ffeb8830000 - 0x00007ffeb8850000 	C:\WINDOWS\System32\win32u.dll
0x00007ffeb93e0000 - 0x00007ffeb9408000 	C:\WINDOWS\System32\GDI32.dll
0x00007ffeb7e00000 - 0x00007ffeb7f92000 	C:\WINDOWS\System32\gdi32full.dll
0x00007ffeb86b0000 - 0x00007ffeb874f000 	C:\WINDOWS\System32\msvcp_win.dll
0x00007ffeb7a80000 - 0x00007ffeb7b7a000 	C:\WINDOWS\System32\ucrtbase.dll
0x00007ffea9ce0000 - 0x00007ffea9f49000 	C:\WINDOWS\WinSxS\amd64_microsoft.windows.common-controls_6595b64144ccf1df_6.0.17134.228_none_fb4599993062b194\COMCTL32.dll
0x00007ffeb9410000 - 0x00007ffeb9733000 	C:\WINDOWS\System32\combase.dll
0x00007ffeb8750000 - 0x00007ffeb87ca000 	C:\WINDOWS\System32\bcryptPrimitives.dll
0x00007ffeb9a50000 - 0x00007ffeb9a7d000 	C:\WINDOWS\System32\IMM32.DLL
0x0000000061aa0000 - 0x0000000061b72000 	C:\Program Files\Java\jdk1.8.0_171\jre\bin\msvcr100.dll
0x0000000061200000 - 0x0000000061aa0000 	C:\Program Files\Java\jdk1.8.0_171\jre\bin\server\jvm.dll
0x00007ffeb98f0000 - 0x00007ffeb98f8000 	C:\WINDOWS\System32\PSAPI.DLL
0x00007ffeabdd0000 - 0x00007ffeabdd9000 	C:\WINDOWS\SYSTEM32\WSOCK32.dll
0x00007ffead030000 - 0x00007ffead053000 	C:\WINDOWS\SYSTEM32\WINMM.dll
0x00007ffeab9c0000 - 0x00007ffeab9ca000 	C:\WINDOWS\SYSTEM32\VERSION.dll
0x00007ffeb88b0000 - 0x00007ffeb891c000 	C:\WINDOWS\System32\WS2_32.dll
0x00007ffead000000 - 0x00007ffead02a000 	C:\WINDOWS\SYSTEM32\WINMMBASE.dll
0x00007ffeb7a30000 - 0x00007ffeb7a79000 	C:\WINDOWS\System32\cfgmgr32.dll
0x00000000611f0000 - 0x00000000611ff000 	C:\Program Files\Java\jdk1.8.0_171\jre\bin\verify.dll
0x00000000611c0000 - 0x00000000611e9000 	C:\Program Files\Java\jdk1.8.0_171\jre\bin\java.dll
0x00000000611a0000 - 0x00000000611b6000 	C:\Program Files\Java\jdk1.8.0_171\jre\bin\zip.dll
0x00007ffeb9cd0000 - 0x00007ffebb110000 	C:\WINDOWS\System32\SHELL32.dll
0x00007ffeb8a10000 - 0x00007ffeb8ab9000 	C:\WINDOWS\System32\shcore.dll
0x00007ffeb7fa0000 - 0x00007ffeb86ad000 	C:\WINDOWS\System32\windows.storage.dll
0x00007ffeb89a0000 - 0x00007ffeb89f1000 	C:\WINDOWS\System32\shlwapi.dll
0x00007ffeb7770000 - 0x00007ffeb7781000 	C:\WINDOWS\System32\kernel.appcore.dll
0x00007ffeb7750000 - 0x00007ffeb776f000 	C:\WINDOWS\System32\profapi.dll
0x00007ffeb76e0000 - 0x00007ffeb772c000 	C:\WINDOWS\System32\powrprof.dll
0x00007ffeb76d0000 - 0x00007ffeb76da000 	C:\WINDOWS\System32\FLTLIB.DLL
0x00007ffeb7100000 - 0x00007ffeb7117000 	C:\WINDOWS\SYSTEM32\CRYPTSP.dll
0x00007ffeb6b30000 - 0x00007ffeb6b63000 	C:\WINDOWS\system32\rsaenh.dll
0x00007ffeb7230000 - 0x00007ffeb7255000 	C:\WINDOWS\SYSTEM32\bcrypt.dll
0x00007ffeb7600000 - 0x00007ffeb7628000 	C:\WINDOWS\SYSTEM32\USERENV.dll
0x00007ffeb7120000 - 0x00007ffeb712b000 	C:\WINDOWS\SYSTEM32\CRYPTBASE.dll
0x0000000061180000 - 0x000000006119a000 	C:\Program Files\Java\jdk1.8.0_171\jre\bin\net.dll
0x00007ffeb6f50000 - 0x00007ffeb6fb6000 	C:\WINDOWS\system32\mswsock.dll
0x00007ffeb6cd0000 - 0x00007ffeb6d08000 	C:\WINDOWS\SYSTEM32\IPHLPAPI.DLL
0x00007ffeb98e0000 - 0x00007ffeb98e8000 	C:\WINDOWS\System32\NSI.dll
0x00007ffeb0330000 - 0x00007ffeb0346000 	C:\WINDOWS\SYSTEM32\dhcpcsvc6.DLL
0x00007ffeb0bb0000 - 0x00007ffeb0bca000 	C:\WINDOWS\SYSTEM32\dhcpcsvc.DLL
0x0000000061160000 - 0x0000000061171000 	C:\Program Files\Java\jdk1.8.0_171\jre\bin\nio.dll
0x00007ffeb24b0000 - 0x00007ffeb24ba000 	C:\Users\JJ\AppData\Local\Temp\jansi-1.17-7921535362379147079.dll
0x00007ffeb2490000 - 0x00007ffeb249a000 	C:\Users\JJ\AppData\Local\Temp\jansi-1.17-3608294467551697224.dll
0x00000000603f0000 - 0x00000000603fd000 	C:\Program Files\Java\jdk1.8.0_171\jre\bin\management.dll
0x00007ffeb10b0000 - 0x00007ffeb10c6000 	C:\WINDOWS\system32\napinsp.dll
0x00007ffeae890000 - 0x00007ffeae8aa000 	C:\WINDOWS\system32\pnrpnsp.dll
0x00007ffeb1c20000 - 0x00007ffeb1c39000 	C:\WINDOWS\system32\NLAapi.dll
0x00007ffeb6d10000 - 0x00007ffeb6dce000 	C:\WINDOWS\SYSTEM32\DNSAPI.dll
0x00007ffeb10f0000 - 0x00007ffeb10fe000 	C:\WINDOWS\System32\winrnr.dll
0x00007ffeb1010000 - 0x00007ffeb1025000 	C:\WINDOWS\System32\wshbth.dll
0x00007ffeafc20000 - 0x00007ffeafc2a000 	C:\Windows\System32\rasadhlp.dll
0x00007ffeafa60000 - 0x00007ffeafad2000 	C:\WINDOWS\System32\fwpuclnt.dll

VM Arguments:
jvm_args: -Dmaven.multiModuleProjectDirectory=D:\DEV\git\americanoRepo\foundation 
java_command: org.apache.maven.wrapper.MavenWrapperMain spring-boot:run
java_class_path (initial): D:\DEV\git\americanoRepo\foundation\.mvn\wrapper\maven-wrapper.jar
Launcher Type: SUN_STANDARD

Environment Variables:
JAVA_HOME=C:\Program Files\Java\jdk1.8.0_171
PATH=C:\Program Files (x86)\Common Files\Oracle\Java\javapath;C:\Program Files (x86)\Intel\iCLS Client\;C:\Program Files\Intel\iCLS Client\;C:\WINDOWS\system32;C:\WINDOWS;C:\WINDOWS\System32\Wbem;C:\WINDOWS\System32\WindowsPowerShell\v1.0\;C:\Program Files (x86)\Intel\Intel(R) Management Engine Components\DAL;C:\Program Files\Intel\Intel(R) Management Engine Components\DAL;C:\Program Files (x86)\Intel\Intel(R) Management Engine Components\IPT;C:\Program Files\Intel\Intel(R) Management Engine Components\IPT;C:\Program Files\Intel\WiFi\bin\;C:\Program Files\Common Files\Intel\WirelessCommon\;C:\WINDOWS\System32\OpenSSH\;d:\Git\cmd;D:\nodejs\;d:\Microsoft VS Code\bin;C:\Program Files\Java\jdk1.8.0_171\bin;C:\Users\JJ\AppData\Local\Microsoft\WindowsApps;C:\Program Files\Bandizip\;C:\Users\JJ\AppData\Roaming\npm;d:\Microsoft VS Code\bin
USERNAME=JJ
OS=Windows_NT
PROCESSOR_IDENTIFIER=Intel64 Family 6 Model 142 Stepping 9, GenuineIntel



---------------  S Y S T E M  ---------------

OS: Windows 10.0 , 64 bit Build 17134 (10.0.17134.1)

CPU:total 4 (initial active 4) (2 cores per cpu, 2 threads per core) family 6 model 142 stepping 9, cmov, cx8, fxsr, mmx, sse, sse2, sse3, ssse3, sse4.1, sse4.2, popcnt, avx, avx2, aes, clmul, erms, 3dnowpref, lzcnt, ht, tsc, tscinvbit, bmi1, bmi2, adx

Memory: 4k page, physical 8268656k(803916k free), swap 8268656k(4612k free)

vm_info: Java HotSpot(TM) 64-Bit Server VM (25.171-b11) for windows-amd64 JRE (1.8.0_171-b11), built on Mar 28 2018 16:06:12 by "java_re" with MS VC++ 10.0 (VS2010)

time: Mon Aug 20 15:59:37 2018
elapsed time: 6 seconds (0d 0h 0m 6s)

