#
# There is insufficient memory for the Java Runtime Environment to continue.
# Native memory allocation (malloc) failed to allocate 32744 bytes for ChunkPool::allocate
# Possible reasons:
#   The system is out of physical RAM or swap space
#   In 32 bit mode, the process size limit was hit
# Possible solutions:
#   Reduce memory load on the system
#   Increase physical memory or swap space
#   Check if swap backing store is full
#   Use 64 bit Java on a 64 bit OS
#   Decrease Java heap size (-Xmx/-Xms)
#   Decrease number of Java threads
#   Decrease Java thread stack sizes (-Xss)
#   Set larger code cache with -XX:ReservedCodeCacheSize=
# This output file may be truncated or incomplete.
#
#  Out of Memory Error (allocation.cpp:273), pid=22488, tid=0x00000000000031b4
#
# JRE version: Java(TM) SE Runtime Environment (8.0_171-b11) (build 1.8.0_171-b11)
# Java VM: Java HotSpot(TM) 64-Bit Server VM (25.171-b11 mixed mode windows-amd64 compressed oops)
# Failed to write core dump. Minidumps are not enabled by default on client versions of Windows
#

---------------  T H R E A D  ---------------

Current thread (0x0000000017c20800):  JavaThread "C2 CompilerThread0" daemon [_thread_in_native, id=12724, stack(0x00000000196c0000,0x00000000197c0000)]

Stack: [0x00000000196c0000,0x00000000197c0000]
[error occurred during error reporting (printing stack bounds), id 0xc0000005]

Native frames: (J=compiled Java code, j=interpreted, Vv=VM code, C=native code)


Current CompileTask:
C2:   7851 4005       4       org.springframework.asm.ClassReader::readCode (3619 bytes)


---------------  P R O C E S S  ---------------

Java Threads: ( => current thread )
  0x000000001ec92000 JavaThread "HikariPool-1 connection adder" daemon [_thread_blocked, id=20960, stack(0x0000000021080000,0x0000000021180000)]
  0x000000001ec91800 JavaThread "HikariPool-1 housekeeper" daemon [_thread_blocked, id=21336, stack(0x000000001fd30000,0x000000001fe30000)]
  0x000000001c8c1800 JavaThread "Abandoned connection cleanup thread" daemon [_thread_blocked, id=28236, stack(0x000000001f930000,0x000000001fa30000)]
  0x00000000190c9000 JavaThread "Service Thread" daemon [_thread_blocked, id=17384, stack(0x00000000199c0000,0x0000000019ac0000)]
  0x0000000017c26800 JavaThread "C1 CompilerThread2" daemon [_thread_blocked, id=6680, stack(0x00000000198c0000,0x00000000199c0000)]
  0x0000000017c21800 JavaThread "C2 CompilerThread1" daemon [_thread_in_native, id=2404, stack(0x00000000197c0000,0x00000000198c0000)]
=>0x0000000017c20800 JavaThread "C2 CompilerThread0" daemon [_thread_in_native, id=12724, stack(0x00000000196c0000,0x00000000197c0000)]
  0x0000000017c07800 JavaThread "Monitor Ctrl-Break" daemon [_thread_in_native, id=21840, stack(0x00000000195c0000,0x00000000196c0000)]
  0x0000000019003800 JavaThread "Attach Listener" daemon [_thread_blocked, id=6752, stack(0x00000000194c0000,0x00000000195c0000)]
  0x0000000017be4800 JavaThread "Signal Dispatcher" daemon [_thread_blocked, id=7064, stack(0x00000000193c0000,0x00000000194c0000)]
  0x0000000017bbf000 JavaThread "Finalizer" daemon [_thread_blocked, id=8976, stack(0x0000000018e30000,0x0000000018f30000)]
  0x0000000003097000 JavaThread "Reference Handler" daemon [_thread_blocked, id=13968, stack(0x0000000018d30000,0x0000000018e30000)]
  0x0000000000d6d800 JavaThread "main" [_thread_in_vm, id=1168, stack(0x0000000002d40000,0x0000000002e40000)]

Other Threads:
  0x0000000017b97800 VMThread [stack: 0x0000000018c30000,0x0000000018d30000] [id=24076]
  0x00000000190d8000 WatcherThread [stack: 0x0000000019ac0000,0x0000000019bc0000] [id=16456]

VM state:not at safepoint (normal execution)

VM Mutex/Monitor currently owned by a thread: None

Heap:
 PSYoungGen      total 172032K, used 49865K [0x00000000d5f00000, 0x00000000e4200000, 0x0000000100000000)
  eden space 157184K, 22% used [0x00000000d5f00000,0x00000000d8136ce8,0x00000000df880000)
  from space 14848K, 99% used [0x00000000df880000,0x00000000e06fb910,0x00000000e0700000)
  to   space 16896K, 0% used [0x00000000e3180000,0x00000000e3180000,0x00000000e4200000)
 ParOldGen       total 93184K, used 19003K [0x0000000081c00000, 0x0000000087700000, 0x00000000d5f00000)
  object space 93184K, 20% used [0x0000000081c00000,0x0000000082e8eeb8,0x0000000087700000)
 Metaspace       used 48547K, capacity 50406K, committed 50480K, reserved 1093632K
  class space    used 6572K, capacity 6925K, committed 6960K, reserved 1048576K

Card table byte_map: [0x0000000012460000,0x0000000012860000] byte_map_base: 0x0000000012052000

Marking Bits: (ParMarkBitMap*) 0x000000006e1f08c0
 Begin Bits: [0x0000000012f10000, 0x0000000014ea0000)
 End Bits:   [0x0000000014ea0000, 0x0000000016e30000)

Polling page: 0x0000000000d30000

CodeCache: size=245760Kb used=15938Kb max_used=15938Kb free=229821Kb
 bounds [0x00000000030a0000, 0x0000000004040000, 0x00000000120a0000]
 total_blobs=4900 nmethods=4369 adapters=443
 compilation: enabled

Compilation events (10 events):
Event: 7.838 Thread 0x0000000017c26800 4392       2       java.lang.reflect.Proxy$KeyX::<init> (55 bytes)
Event: 7.839 Thread 0x0000000017c26800 nmethod 4392 0x00000000040388d0 code [0x0000000004038a60, 0x0000000004038e48]
Event: 7.842 Thread 0x0000000017c26800 4393       2       org.springframework.beans.CachedIntrospectionResults::getBeanInfo (64 bytes)
Event: 7.842 Thread 0x0000000017c26800 nmethod 4393 0x0000000004039050 code [0x0000000004039220, 0x00000000040395e8]
Event: 7.842 Thread 0x0000000017c26800 4394       2       org.springframework.beans.ExtendedBeanInfoFactory::getBeanInfo (24 bytes)
Event: 7.843 Thread 0x0000000017c26800 nmethod 4394 0x0000000004039890 code [0x0000000004039a20, 0x0000000004039c48]
Event: 7.843 Thread 0x0000000017c26800 4395       2       java.beans.Introspector::getBeanInfo (7 bytes)
Event: 7.843 Thread 0x0000000017c26800 nmethod 4395 0x0000000004039d50 code [0x0000000004039ec0, 0x000000000403a0e8]
Event: 7.844 Thread 0x0000000017c26800 4396       1       org.springframework.beans.factory.support.AbstractBeanFactory::getCustomTypeConverter (5 bytes)
Event: 7.844 Thread 0x0000000017c26800 nmethod 4396 0x000000000403a210 code [0x000000000403a360, 0x000000000403a470]

GC Heap History (10 events):
Event: 3.177 GC heap before
{Heap before GC invocations=7 (full 1):
 PSYoungGen      total 71680K, used 66560K [0x00000000d5f00000, 0x00000000df100000, 0x0000000100000000)
  eden space 66560K, 100% used [0x00000000d5f00000,0x00000000da000000,0x00000000da000000)
  from space 5120K, 0% used [0x00000000da000000,0x00000000da000000,0x00000000da500000)
  to   space 8192K, 0% used [0x00000000de900000,0x00000000de900000,0x00000000df100000)
 ParOldGen       total 56320K, used 7085K [0x0000000081c00000, 0x0000000085300000, 0x00000000d5f00000)
  object space 56320K, 12% used [0x0000000081c00000,0x00000000822eb7c0,0x0000000085300000)
 Metaspace       used 26169K, capacity 27006K, committed 27184K, reserved 1073152K
  class space    used 3404K, capacity 3621K, committed 3632K, reserved 1048576K
Event: 3.184 GC heap after
Heap after GC invocations=7 (full 1):
 PSYoungGen      total 112640K, used 8184K [0x00000000d5f00000, 0x00000000df100000, 0x0000000100000000)
  eden space 104448K, 0% used [0x00000000d5f00000,0x00000000d5f00000,0x00000000dc500000)
  from space 8192K, 99% used [0x00000000de900000,0x00000000df0fe198,0x00000000df100000)
  to   space 10240K, 0% used [0x00000000ddd00000,0x00000000ddd00000,0x00000000de700000)
 ParOldGen       total 56320K, used 8605K [0x0000000081c00000, 0x0000000085300000, 0x00000000d5f00000)
  object space 56320K, 15% used [0x0000000081c00000,0x00000000824674b0,0x0000000085300000)
 Metaspace       used 26169K, capacity 27006K, committed 27184K, reserved 1073152K
  class space    used 3404K, capacity 3621K, committed 3632K, reserved 1048576K
}
Event: 4.626 GC heap before
{Heap before GC invocations=8 (full 1):
 PSYoungGen      total 112640K, used 112632K [0x00000000d5f00000, 0x00000000df100000, 0x0000000100000000)
  eden space 104448K, 100% used [0x00000000d5f00000,0x00000000dc500000,0x00000000dc500000)
  from space 8192K, 99% used [0x00000000de900000,0x00000000df0fe198,0x00000000df100000)
  to   space 10240K, 0% used [0x00000000ddd00000,0x00000000ddd00000,0x00000000de700000)
 ParOldGen       total 56320K, used 8605K [0x0000000081c00000, 0x0000000085300000, 0x00000000d5f00000)
  object space 56320K, 15% used [0x0000000081c00000,0x00000000824674b0,0x0000000085300000)
 Metaspace       used 29983K, capacity 31118K, committed 31408K, reserved 1077248K
  class space    used 3923K, capacity 4163K, committed 4272K, reserved 1048576K
Event: 4.638 GC heap after
Heap after GC invocations=8 (full 1):
 PSYoungGen      total 139264K, used 10222K [0x00000000d5f00000, 0x00000000e1380000, 0x0000000100000000)
  eden space 129024K, 0% used [0x00000000d5f00000,0x00000000d5f00000,0x00000000ddd00000)
  from space 10240K, 99% used [0x00000000ddd00000,0x00000000de6fbb28,0x00000000de700000)
  to   space 12800K, 0% used [0x00000000e0700000,0x00000000e0700000,0x00000000e1380000)
 ParOldGen       total 56320K, used 10599K [0x0000000081c00000, 0x0000000085300000, 0x00000000d5f00000)
  object space 56320K, 18% used [0x0000000081c00000,0x0000000082659de8,0x0000000085300000)
 Metaspace       used 29983K, capacity 31118K, committed 31408K, reserved 1077248K
  class space    used 3923K, capacity 4163K, committed 4272K, reserved 1048576K
}
Event: 5.638 GC heap before
{Heap before GC invocations=9 (full 1):
 PSYoungGen      total 139264K, used 77458K [0x00000000d5f00000, 0x00000000e1380000, 0x0000000100000000)
  eden space 129024K, 52% used [0x00000000d5f00000,0x00000000da0a9090,0x00000000ddd00000)
  from space 10240K, 99% used [0x00000000ddd00000,0x00000000de6fbb28,0x00000000de700000)
  to   space 12800K, 0% used [0x00000000e0700000,0x00000000e0700000,0x00000000e1380000)
 ParOldGen       total 56320K, used 10599K [0x0000000081c00000, 0x0000000085300000, 0x00000000d5f00000)
  object space 56320K, 18% used [0x0000000081c00000,0x0000000082659de8,0x0000000085300000)
 Metaspace       used 34152K, capacity 35362K, committed 35496K, reserved 1081344K
  class space    used 4406K, capacity 4643K, committed 4656K, reserved 1048576K
Event: 5.649 GC heap after
Heap after GC invocations=9 (full 1):
 PSYoungGen      total 169984K, used 12785K [0x00000000d5f00000, 0x00000000e3880000, 0x0000000100000000)
  eden space 157184K, 0% used [0x00000000d5f00000,0x00000000d5f00000,0x00000000df880000)
  from space 12800K, 99% used [0x00000000e0700000,0x00000000e137c448,0x00000000e1380000)
  to   space 14848K, 0% used [0x00000000df880000,0x00000000df880000,0x00000000e0700000)
 ParOldGen       total 56320K, used 11676K [0x0000000081c00000, 0x0000000085300000, 0x00000000d5f00000)
  object space 56320K, 20% used [0x0000000081c00000,0x00000000827672d0,0x0000000085300000)
 Metaspace       used 34152K, capacity 35362K, committed 35496K, reserved 1081344K
  class space    used 4406K, capacity 4643K, committed 4656K, reserved 1048576K
}
Event: 5.649 GC heap before
{Heap before GC invocations=10 (full 2):
 PSYoungGen      total 169984K, used 12785K [0x00000000d5f00000, 0x00000000e3880000, 0x0000000100000000)
  eden space 157184K, 0% used [0x00000000d5f00000,0x00000000d5f00000,0x00000000df880000)
  from space 12800K, 99% used [0x00000000e0700000,0x00000000e137c448,0x00000000e1380000)
  to   space 14848K, 0% used [0x00000000df880000,0x00000000df880000,0x00000000e0700000)
 ParOldGen       total 56320K, used 11676K [0x0000000081c00000, 0x0000000085300000, 0x00000000d5f00000)
  object space 56320K, 20% used [0x0000000081c00000,0x00000000827672d0,0x0000000085300000)
 Metaspace       used 34152K, capacity 35362K, committed 35496K, reserved 1081344K
  class space    used 4406K, capacity 4643K, committed 4656K, reserved 1048576K
Event: 5.723 GC heap after
Heap after GC invocations=10 (full 2):
 PSYoungGen      total 169984K, used 0K [0x00000000d5f00000, 0x00000000e3880000, 0x0000000100000000)
  eden space 157184K, 0% used [0x00000000d5f00000,0x00000000d5f00000,0x00000000df880000)
  from space 12800K, 0% used [0x00000000e0700000,0x00000000e0700000,0x00000000e1380000)
  to   space 14848K, 0% used [0x00000000df880000,0x00000000df880000,0x00000000e0700000)
 ParOldGen       total 93184K, used 18349K [0x0000000081c00000, 0x0000000087700000, 0x00000000d5f00000)
  object space 93184K, 19% used [0x0000000081c00000,0x0000000082deb498,0x0000000087700000)
 Metaspace       used 34152K, capacity 35362K, committed 35496K, reserved 1081344K
  class space    used 4406K, capacity 4643K, committed 4656K, reserved 1048576K
}
Event: 7.537 GC heap before
{Heap before GC invocations=11 (full 2):
 PSYoungGen      total 169984K, used 157184K [0x00000000d5f00000, 0x00000000e3880000, 0x0000000100000000)
  eden space 157184K, 100% used [0x00000000d5f00000,0x00000000df880000,0x00000000df880000)
  from space 12800K, 0% used [0x00000000e0700000,0x00000000e0700000,0x00000000e1380000)
  to   space 14848K, 0% used [0x00000000df880000,0x00000000df880000,0x00000000e0700000)
 ParOldGen       total 93184K, used 18349K [0x0000000081c00000, 0x0000000087700000, 0x00000000d5f00000)
  object space 93184K, 19% used [0x0000000081c00000,0x0000000082deb498,0x0000000087700000)
 Metaspace       used 47811K, capacity 49674K, committed 49840K, reserved 1091584K
  class space    used 6470K, capacity 6809K, committed 6832K, reserved 1048576K
Event: 7.558 GC heap after
Heap after GC invocations=11 (full 2):
 PSYoungGen      total 172032K, used 14830K [0x00000000d5f00000, 0x00000000e4200000, 0x0000000100000000)
  eden space 157184K, 0% used [0x00000000d5f00000,0x00000000d5f00000,0x00000000df880000)
  from space 14848K, 99% used [0x00000000df880000,0x00000000e06fb910,0x00000000e0700000)
  to   space 16896K, 0% used [0x00000000e3180000,0x00000000e3180000,0x00000000e4200000)
 ParOldGen       total 93184K, used 19003K [0x0000000081c00000, 0x0000000087700000, 0x00000000d5f00000)
  object space 93184K, 20% used [0x0000000081c00000,0x0000000082e8eeb8,0x0000000087700000)
 Metaspace       used 47811K, capacity 49674K, committed 49840K, reserved 1091584K
  class space    used 6470K, capacity 6809K, committed 6832K, reserved 1048576K
}

Deoptimization events (10 events):
Event: 7.304 Thread 0x0000000000d6d800 Uncommon trap: reason=unstable_if action=reinterpret pc=0x0000000003867ab4 method=org.springframework.util.ConcurrentReferenceHashMap$Segment.findInChain(Lorg/springframework/util/ConcurrentReferenceHashMap$Reference;Ljava/lang/Object;I)Lorg/springframewo
Event: 7.360 Thread 0x0000000000d6d800 Uncommon trap: reason=unstable_if action=reinterpret pc=0x00000000038701fc method=org.springframework.util.ConcurrentReferenceHashMap$Segment.findInChain(Lorg/springframework/util/ConcurrentReferenceHashMap$Reference;Ljava/lang/Object;I)Lorg/springframewo
Event: 7.397 Thread 0x0000000000d6d800 Uncommon trap: reason=class_check action=maybe_recompile pc=0x0000000003d1855c method=java.util.regex.Matcher.search(I)Z @ 86
Event: 7.399 Thread 0x0000000000d6d800 Uncommon trap: reason=class_check action=maybe_recompile pc=0x0000000003d1855c method=java.util.regex.Matcher.search(I)Z @ 86
Event: 7.399 Thread 0x0000000000d6d800 Uncommon trap: reason=class_check action=maybe_recompile pc=0x0000000003d1855c method=java.util.regex.Matcher.search(I)Z @ 86
Event: 7.399 Thread 0x0000000000d6d800 Uncommon trap: reason=class_check action=maybe_recompile pc=0x0000000003d1855c method=java.util.regex.Matcher.search(I)Z @ 86
Event: 7.484 Thread 0x0000000000d6d800 Uncommon trap: reason=class_check action=maybe_recompile pc=0x0000000003c2d3f4 method=org.springframework.beans.factory.support.AbstractBeanFactory.isTypeMatch(Ljava/lang/String;Lorg/springframework/core/ResolvableType;)Z @ 47
Event: 7.623 Thread 0x0000000000d6d800 Uncommon trap: reason=unstable_if action=reinterpret pc=0x0000000003aa1ea4 method=org.springframework.asm.Frame.merge(Lorg/springframework/asm/ClassWriter;I[II)Z @ 80
Event: 7.761 Thread 0x0000000000d6d800 Uncommon trap: reason=unstable_if action=reinterpret pc=0x0000000003c31aac method=org.springframework.aop.framework.autoproxy.AbstractAutoProxyCreator.predictBeanType(Ljava/lang/Class;Ljava/lang/String;)Ljava/lang/Class; @ 9
Event: 7.763 Thread 0x0000000000d6d800 Uncommon trap: reason=unstable_if action=reinterpret pc=0x0000000003b50a3c method=org.springframework.beans.factory.support.AbstractAutowireCapableBeanFactory.predictBeanType(Ljava/lang/String;Lorg/springframework/beans/factory/support/RootBeanDefinition;

Classes redefined (0 events):
No events

Internal exceptions (10 events):
Event: 7.837 Thread 0x0000000000d6d800 Exception <a 'java/lang/ClassNotFoundException': org/springframework/security/config/annotation/authentication/builders/AuthenticationManagerBuilderCustomizer> (0x00000000d7d9eb38) thrown at [C:\re\workspace\8-2-build-windows-amd64-cygwin\jdk8u171\10807\h
Event: 7.838 Thread 0x0000000000d6d800 Exception <a 'java/lang/ClassNotFoundException': org/springframework/security/config/annotation/authentication/configuration/AuthenticationConfiguration$DefaultPasswordEncoderAuthenticationManagerBuilderCustomizer> (0x00000000d7e00490) thrown at [C:\re\wo
Event: 7.839 Thread 0x0000000000d6d800 Exception <a 'java/lang/ClassNotFoundException': org/springframework/security/config/annotation/authentication/ProviderManagerBuilderCustomizer> (0x00000000d7e35b78) thrown at [C:\re\workspace\8-2-build-windows-amd64-cygwin\jdk8u171\10807\hotspot\src\shar
Event: 7.839 Thread 0x0000000000d6d800 Exception <a 'java/lang/ClassNotFoundException': org/springframework/security/config/annotation/SecurityBuilderCustomizer> (0x00000000d7e57180) thrown at [C:\re\workspace\8-2-build-windows-amd64-cygwin\jdk8u171\10807\hotspot\src\share\vm\classfile\systemD
Event: 7.841 Thread 0x0000000000d6d800 Exception <a 'java/lang/ClassNotFoundException': java/lang/ObjectCustomizer> (0x00000000d7e82fa8) thrown at [C:\re\workspace\8-2-build-windows-amd64-cygwin\jdk8u171\10807\hotspot\src\share\vm\classfile\systemDictionary.cpp, line 210]
Event: 7.841 Thread 0x0000000000d6d800 Exception <a 'java/lang/ClassNotFoundException': org/springframework/security/config/annotation/web/configuration/WebSecurityConfigurationCustomizer> (0x00000000d7eaf1e0) thrown at [C:\re\workspace\8-2-build-windows-amd64-cygwin\jdk8u171\10807\hotspot\src
Event: 7.842 Thread 0x0000000000d6d800 Exception <a 'java/lang/ClassNotFoundException': org/springframework/security/config/annotation/web/configuration/WebSecurityConfiguration$$EnhancerBySpringCGLIB$$9df77e69Customizer> (0x00000000d7eedbb0) thrown at [C:\re\workspace\8-2-build-windows-amd64-
Event: 7.842 Thread 0x0000000000d6d800 Exception <a 'java/lang/ClassNotFoundException': org/springframework/context/annotation/ConfigurationClassEnhancer$EnhancedConfigurationCustomizer> (0x00000000d7f21478) thrown at [C:\re\workspace\8-2-build-windows-amd64-cygwin\jdk8u171\10807\hotspot\src\s
Event: 7.843 Thread 0x0000000000d6d800 Exception <a 'java/lang/ClassNotFoundException': org/springframework/context/annotation/ImportAwareCustomizer> (0x00000000d7f3ce58) thrown at [C:\re\workspace\8-2-build-windows-amd64-cygwin\jdk8u171\10807\hotspot\src\share\vm\classfile\systemDictionary.cp
Event: 7.843 Thread 0x0000000000d6d800 Exception <a 'java/lang/ClassNotFoundException': org/springframework/beans/factory/BeanClassLoaderAwareCustomizer> (0x00000000d7f5acf0) thrown at [C:\re\workspace\8-2-build-windows-amd64-cygwin\jdk8u171\10807\hotspot\src\share\vm\classfile\systemDictionar

Events (10 events):
Event: 7.847 loading class org/springframework/expression/spel/ast/Literal
Event: 7.847 loading class org/springframework/expression/spel/ast/Literal done
Event: 7.847 loading class org/springframework/expression/spel/ast/BooleanLiteral
Event: 7.847 loading class org/springframework/expression/spel/ast/BooleanLiteral done
Event: 7.848 loading class org/springframework/expression/spel/ast/StringLiteral
Event: 7.848 loading class org/springframework/expression/spel/ast/StringLiteral done
Event: 7.848 loading class org/springframework/expression/spel/ast/NullLiteral
Event: 7.848 loading class org/springframework/expression/spel/ast/NullLiteral done
Event: 7.848 loading class org/springframework/expression/spel/ast/Assign
Event: 7.848 loading class org/springframework/expression/spel/ast/Assign done


Dynamic libraries:
0x00007ff7abb00000 - 0x00007ff7abb37000 	C:\Program Files\Java\jdk1.8.0_171\bin\java.exe
0x00007fffb53f0000 - 0x00007fffb55d1000 	C:\WINDOWS\SYSTEM32\ntdll.dll
0x00007fffb2fb0000 - 0x00007fffb3062000 	C:\WINDOWS\System32\KERNEL32.DLL
0x00007fffb1a00000 - 0x00007fffb1c73000 	C:\WINDOWS\System32\KERNELBASE.dll
0x00007fffb5310000 - 0x00007fffb53b1000 	C:\WINDOWS\System32\ADVAPI32.dll
0x00007fffb30d0000 - 0x00007fffb316e000 	C:\WINDOWS\System32\msvcrt.dll
0x00007fffb3070000 - 0x00007fffb30cb000 	C:\WINDOWS\System32\sechost.dll
0x00007fffb4ff0000 - 0x00007fffb5114000 	C:\WINDOWS\System32\RPCRT4.dll
0x00007fffb4a60000 - 0x00007fffb4bf0000 	C:\WINDOWS\System32\USER32.dll
0x00007fffb1910000 - 0x00007fffb1930000 	C:\WINDOWS\System32\win32u.dll
0x00007fffb5120000 - 0x00007fffb5148000 	C:\WINDOWS\System32\GDI32.dll
0x00007fffb26e0000 - 0x00007fffb2872000 	C:\WINDOWS\System32\gdi32full.dll
0x00007fffb17c0000 - 0x00007fffb185f000 	C:\WINDOWS\System32\msvcp_win.dll
0x00007fffb2390000 - 0x00007fffb248a000 	C:\WINDOWS\System32\ucrtbase.dll
0x00007fff9fbc0000 - 0x00007fff9fe29000 	C:\WINDOWS\WinSxS\amd64_microsoft.windows.common-controls_6595b64144ccf1df_6.0.17134.165_none_fb429645306569ac\COMCTL32.dll
0x00007fffb2880000 - 0x00007fffb2ba3000 	C:\WINDOWS\System32\combase.dll
0x00007fffb1980000 - 0x00007fffb19fa000 	C:\WINDOWS\System32\bcryptPrimitives.dll
0x00007fffb2db0000 - 0x00007fffb2ddd000 	C:\WINDOWS\System32\IMM32.DLL
0x000000006e270000 - 0x000000006e342000 	C:\Program Files\Java\jdk1.8.0_171\jre\bin\msvcr100.dll
0x000000006d9d0000 - 0x000000006e270000 	C:\Program Files\Java\jdk1.8.0_171\jre\bin\server\jvm.dll
0x00007fffb5150000 - 0x00007fffb5158000 	C:\WINDOWS\System32\PSAPI.DLL
0x00007fffa24d0000 - 0x00007fffa24d9000 	C:\WINDOWS\SYSTEM32\WSOCK32.dll
0x00007fffb4f80000 - 0x00007fffb4fec000 	C:\WINDOWS\System32\WS2_32.dll
0x00007fffaaf50000 - 0x00007fffaaf73000 	C:\WINDOWS\SYSTEM32\WINMM.dll
0x00007fffa24a0000 - 0x00007fffa24aa000 	C:\WINDOWS\SYSTEM32\VERSION.dll
0x00007fffaaf20000 - 0x00007fffaaf4a000 	C:\WINDOWS\SYSTEM32\WINMMBASE.dll
0x00007fffb1930000 - 0x00007fffb1979000 	C:\WINDOWS\System32\cfgmgr32.dll
0x000000006d9c0000 - 0x000000006d9cf000 	C:\Program Files\Java\jdk1.8.0_171\jre\bin\verify.dll
0x000000006d990000 - 0x000000006d9b9000 	C:\Program Files\Java\jdk1.8.0_171\jre\bin\java.dll
0x000000006d3e0000 - 0x000000006d403000 	C:\Program Files\Java\jdk1.8.0_171\jre\bin\instrument.dll
0x000000006d970000 - 0x000000006d986000 	C:\Program Files\Java\jdk1.8.0_171\jre\bin\zip.dll
0x00007fffb35c0000 - 0x00007fffb4a00000 	C:\WINDOWS\System32\SHELL32.dll
0x00007fffb2f00000 - 0x00007fffb2fa9000 	C:\WINDOWS\System32\shcore.dll
0x00007fffb1c80000 - 0x00007fffb238d000 	C:\WINDOWS\System32\windows.storage.dll
0x00007fffb4f20000 - 0x00007fffb4f71000 	C:\WINDOWS\System32\shlwapi.dll
0x00007fffb17a0000 - 0x00007fffb17b1000 	C:\WINDOWS\System32\kernel.appcore.dll
0x00007fffb1750000 - 0x00007fffb176f000 	C:\WINDOWS\System32\profapi.dll
0x00007fffb1700000 - 0x00007fffb174c000 	C:\WINDOWS\System32\powrprof.dll
0x00007fffb1790000 - 0x00007fffb179a000 	C:\WINDOWS\System32\FLTLIB.DLL
0x00007fff9b9c0000 - 0x00007fff9b9da000 	D:\JetBrains\IntelliJ IDEA Community Edition 2018.1.6\bin\breakgen64.dll
0x000000006d950000 - 0x000000006d96a000 	C:\Program Files\Java\jdk1.8.0_171\jre\bin\net.dll
0x00007fffb0f80000 - 0x00007fffb0fe6000 	C:\WINDOWS\system32\mswsock.dll
0x000000006d930000 - 0x000000006d941000 	C:\Program Files\Java\jdk1.8.0_171\jre\bin\nio.dll
0x000000006d800000 - 0x000000006d80d000 	C:\Program Files\Java\jdk1.8.0_171\jre\bin\management.dll
0x00007fffa88d0000 - 0x00007fffa88e6000 	C:\WINDOWS\system32\napinsp.dll
0x00007fffa78e0000 - 0x00007fffa78fa000 	C:\WINDOWS\system32\pnrpnsp.dll
0x00007fffad4e0000 - 0x00007fffad4f9000 	C:\WINDOWS\system32\NLAapi.dll
0x00007fffb0d40000 - 0x00007fffb0dfe000 	C:\WINDOWS\SYSTEM32\DNSAPI.dll
0x00007fffb5300000 - 0x00007fffb5308000 	C:\WINDOWS\System32\NSI.dll
0x00007fffb0d00000 - 0x00007fffb0d38000 	C:\WINDOWS\SYSTEM32\IPHLPAPI.DLL
0x00007fffac0c0000 - 0x00007fffac0ce000 	C:\WINDOWS\System32\winrnr.dll
0x00007fffab530000 - 0x00007fffab545000 	C:\WINDOWS\System32\wshbth.dll
0x00007fffa5490000 - 0x00007fffa549a000 	C:\Windows\System32\rasadhlp.dll
0x00007fffa5660000 - 0x00007fffa56d2000 	C:\WINDOWS\System32\fwpuclnt.dll
0x00007fffb1260000 - 0x00007fffb1285000 	C:\WINDOWS\SYSTEM32\bcrypt.dll
0x00007fffb1130000 - 0x00007fffb1147000 	C:\WINDOWS\SYSTEM32\CRYPTSP.dll
0x00007fffb0b60000 - 0x00007fffb0b93000 	C:\WINDOWS\system32\rsaenh.dll
0x00007fffb1630000 - 0x00007fffb1658000 	C:\WINDOWS\SYSTEM32\USERENV.dll
0x00007fffb1150000 - 0x00007fffb115b000 	C:\WINDOWS\SYSTEM32\CRYPTBASE.dll
0x00007fffaac40000 - 0x00007fffaac56000 	C:\WINDOWS\SYSTEM32\dhcpcsvc6.DLL
0x00007fffaaf00000 - 0x00007fffaaf1a000 	C:\WINDOWS\SYSTEM32\dhcpcsvc.DLL

VM Arguments:
jvm_args: -Didea.test.cyclic.buffer.size=1048576 -javaagent:D:\JetBrains\IntelliJ IDEA Community Edition 2018.1.6\lib\idea_rt.jar=53261:D:\JetBrains\IntelliJ IDEA Community Edition 2018.1.6\bin -Dfile.encoding=UTF-8 
java_command: com.intellij.rt.execution.junit.JUnitStarter -ideVersion5 -junit4 com.issac.foundation.UserApplicationTests,contextLoads
java_class_path (initial): D:\JetBrains\IntelliJ IDEA Community Edition 2018.1.6\lib\idea_rt.jar;D:\JetBrains\IntelliJ IDEA Community Edition 2018.1.6\plugins\junit\lib\junit-rt.jar;D:\JetBrains\IntelliJ IDEA Community Edition 2018.1.6\plugins\junit\lib\junit5-rt.jar;C:\Program Files\Java\jdk1.8.0_171\jre\lib\charsets.jar;C:\Program Files\Java\jdk1.8.0_171\jre\lib\deploy.jar;C:\Program Files\Java\jdk1.8.0_171\jre\lib\ext\access-bridge-64.jar;C:\Program Files\Java\jdk1.8.0_171\jre\lib\ext\cldrdata.jar;C:\Program Files\Java\jdk1.8.0_171\jre\lib\ext\dnsns.jar;C:\Program Files\Java\jdk1.8.0_171\jre\lib\ext\jaccess.jar;C:\Program Files\Java\jdk1.8.0_171\jre\lib\ext\jfxrt.jar;C:\Program Files\Java\jdk1.8.0_171\jre\lib\ext\localedata.jar;C:\Program Files\Java\jdk1.8.0_171\jre\lib\ext\nashorn.jar;C:\Program Files\Java\jdk1.8.0_171\jre\lib\ext\sunec.jar;C:\Program Files\Java\jdk1.8.0_171\jre\lib\ext\sunjce_provider.jar;C:\Program Files\Java\jdk1.8.0_171\jre\lib\ext\sunmscapi.jar;C:\Program Files\Java\jdk1.8.0_171\jre\lib\ext\sunpkcs11.jar;C:\Program Files\Java\jdk1.8.0_171\jre\lib\ext\zipfs.jar;C:\Program Files\Java\jdk1.8.0_171\jre\lib\javaws.jar;C:\Program Files\Java\jdk1.8.0_171\jre\lib\jce.jar;C:\Program Files\Java\jdk1.8.0_171\jre\lib\jfr.jar;C:\Program Files\Java\jdk1.8.0_171\jre\lib\jfxswt.jar;C:\Program Files\Java\jdk1.8.0_171\jre\lib\jsse.jar;C:\Program Files\Java\jdk1.8.0_171\jre\lib\management-agent.jar;C:\Program Files\Java\jdk1.8.0_171\jre\lib\plugin.jar;C:\Program Files\Java\jdk1.8.0_171\jre\lib\resources.jar;C:\Program Files\Java\jdk1.8.0_171\jre\lib\rt.jar;D:\DEV\git\americanoRepo\foundation\target\test-classes;D:\DEV\git\americanoRepo\foundation\target\classes;C:\Users\JJ\.m2\repository\org\springframework\boot\spring-boot-starter-data-jpa\2.0.3.RELEASE\spring-boot-starter-data-jpa-2.0.3.RELEASE.jar;C:\Users\JJ\.m2\repository\org\springframework\boot\spring-boot-starter\2.0.3.RELEASE\spring-boot-starter-2.0.3.RELEASE.jar;C:\Users\JJ\.m2\repository\org\spri
Launcher Type: SUN_STANDARD

Environment Variables:
JAVA_HOME=C:\Program Files\Java\jdk1.8.0_171
PATH=C:\Program Files (x86)\Common Files\Oracle\Java\javapath;C:\Program Files (x86)\Intel\iCLS Client\;C:\Program Files\Intel\iCLS Client\;C:\WINDOWS\system32;C:\WINDOWS;C:\WINDOWS\System32\Wbem;C:\WINDOWS\System32\WindowsPowerShell\v1.0\;C:\Program Files (x86)\Intel\Intel(R) Management Engine Components\DAL;C:\Program Files\Intel\Intel(R) Management Engine Components\DAL;C:\Program Files (x86)\Intel\Intel(R) Management Engine Components\IPT;C:\Program Files\Intel\Intel(R) Management Engine Components\IPT;C:\Program Files\Intel\WiFi\bin\;C:\Program Files\Common Files\Intel\WirelessCommon\;C:\WINDOWS\System32\OpenSSH\;d:\Git\cmd;D:\nodejs\;d:\Microsoft VS Code\bin;C:\Program Files\Java\jdk1.8.0_171\bin;C:\Users\JJ\AppData\Local\Microsoft\WindowsApps;C:\Program Files\Bandizip\;C:\Users\JJ\AppData\Roaming\npm;d:\Microsoft VS Code\bin
USERNAME=JJ
OS=Windows_NT
PROCESSOR_IDENTIFIER=Intel64 Family 6 Model 142 Stepping 9, GenuineIntel



---------------  S Y S T E M  ---------------

OS: Windows 10.0 , 64 bit Build 17134 (10.0.17134.1)

CPU:total 4 (initial active 4) (2 cores per cpu, 2 threads per core) family 6 model 142 stepping 9, cmov, cx8, fxsr, mmx, sse, sse2, sse3, ssse3, sse4.1, sse4.2, popcnt, avx, avx2, aes, clmul, erms, 3dnowpref, lzcnt, ht, tsc, tscinvbit, bmi1, bmi2, adx

Memory: 4k page, physical 8268656k(1006308k free), swap 8268656k(4148k free)

vm_info: Java HotSpot(TM) 64-Bit Server VM (25.171-b11) for windows-amd64 JRE (1.8.0_171-b11), built on Mar 28 2018 16:06:12 by "java_re" with MS VC++ 10.0 (VS2010)

time: Thu Aug 02 15:40:09 2018
elapsed time: 7 seconds (0d 0h 0m 7s)

