#
# There is insufficient memory for the Java Runtime Environment to continue.
# Native memory allocation (malloc) failed to allocate 32744 bytes for ChunkPool::allocate
# Possible reasons:
#   The system is out of physical RAM or swap space
#   In 32 bit mode, the process size limit was hit
# Possible solutions:
#   Reduce memory load on the system
#   Increase physical memory or swap space
#   Check if swap backing store is full
#   Use 64 bit Java on a 64 bit OS
#   Decrease Java heap size (-Xmx/-Xms)
#   Decrease number of Java threads
#   Decrease Java thread stack sizes (-Xss)
#   Set larger code cache with -XX:ReservedCodeCacheSize=
# This output file may be truncated or incomplete.
#
#  Out of Memory Error (allocation.cpp:273), pid=21924, tid=0x00000000000045ec
#
# JRE version: Java(TM) SE Runtime Environment (8.0_171-b11) (build 1.8.0_171-b11)
# Java VM: Java HotSpot(TM) 64-Bit Server VM (25.171-b11 mixed mode windows-amd64 compressed oops)
# Failed to write core dump. Minidumps are not enabled by default on client versions of Windows
#

---------------  T H R E A D  ---------------

Current thread (0x0000000017ee2800):  JavaThread "C2 CompilerThread1" daemon [_thread_in_native, id=17900, stack(0x0000000019a70000,0x0000000019b70000)]

Stack: [0x0000000019a70000,0x0000000019b70000]
[error occurred during error reporting (printing stack bounds), id 0xc0000005]

Native frames: (J=compiled Java code, j=interpreted, Vv=VM code, C=native code)


Current CompileTask:
C2:   7307 4115   !   4       org.springframework.core.annotation.AnnotatedElementUtils::searchWithFindSemantics (785 bytes)


---------------  P R O C E S S  ---------------

Java Threads: ( => current thread )
  0x000000001c94d000 JavaThread "HikariPool-1 connection adder" daemon [_thread_blocked, id=6072, stack(0x00000000203f0000,0x00000000204f0000)]
  0x000000001c94a800 JavaThread "HikariPool-1 housekeeper" daemon [_thread_blocked, id=31728, stack(0x00000000200f0000,0x00000000201f0000)]
  0x000000001c649000 JavaThread "Abandoned connection cleanup thread" daemon [_thread_blocked, id=10656, stack(0x000000001e7f0000,0x000000001e8f0000)]
  0x000000001933e800 JavaThread "Service Thread" daemon [_thread_blocked, id=16780, stack(0x0000000019c70000,0x0000000019d70000)]
  0x0000000017ee6800 JavaThread "C1 CompilerThread2" daemon [_thread_in_native, id=17520, stack(0x0000000019b70000,0x0000000019c70000)]
=>0x0000000017ee2800 JavaThread "C2 CompilerThread1" daemon [_thread_in_native, id=17900, stack(0x0000000019a70000,0x0000000019b70000)]
  0x0000000017ee1800 JavaThread "C2 CompilerThread0" daemon [_thread_in_native, id=22480, stack(0x0000000019970000,0x0000000019a70000)]
  0x0000000017ee0000 JavaThread "Monitor Ctrl-Break" daemon [_thread_in_native, id=16592, stack(0x0000000019870000,0x0000000019970000)]
  0x00000000192b3800 JavaThread "Attach Listener" daemon [_thread_blocked, id=16772, stack(0x0000000019770000,0x0000000019870000)]
  0x0000000017ea5000 JavaThread "Signal Dispatcher" daemon [_thread_blocked, id=2720, stack(0x0000000019670000,0x0000000019770000)]
  0x0000000017e7e000 JavaThread "Finalizer" daemon [_thread_blocked, id=27944, stack(0x00000000190e0000,0x00000000191e0000)]
  0x0000000003359000 JavaThread "Reference Handler" daemon [_thread_blocked, id=12948, stack(0x0000000018fe0000,0x00000000190e0000)]
  0x0000000002c3d800 JavaThread "main" [_thread_in_Java, id=28024, stack(0x0000000002fd0000,0x00000000030d0000)]

Other Threads:
  0x0000000017e57800 VMThread [stack: 0x0000000018ee0000,0x0000000018fe0000] [id=17328]
  0x00000000193b1000 WatcherThread [stack: 0x0000000019d70000,0x0000000019e70000] [id=17684]

VM state:not at safepoint (normal execution)

VM Mutex/Monitor currently owned by a thread: None

Heap:
 PSYoungGen      total 185344K, used 19010K [0x00000000d5f00000, 0x00000000e4400000, 0x0000000100000000)
  eden space 172032K, 3% used [0x00000000d5f00000,0x00000000d6494f98,0x00000000e0700000)
  from space 13312K, 99% used [0x00000000e0700000,0x00000000e13fb9a8,0x00000000e1400000)
  to   space 11264K, 0% used [0x00000000e1400000,0x00000000e1400000,0x00000000e1f00000)
 ParOldGen       total 54784K, used 21094K [0x0000000081c00000, 0x0000000085180000, 0x00000000d5f00000)
  object space 54784K, 38% used [0x0000000081c00000,0x0000000083099b18,0x0000000085180000)
 Metaspace       used 48068K, capacity 49968K, committed 50176K, reserved 1093632K
  class space    used 6506K, capacity 6850K, committed 6912K, reserved 1048576K

Card table byte_map: [0x0000000012720000,0x0000000012b20000] byte_map_base: 0x0000000012312000

Marking Bits: (ParMarkBitMap*) 0x000000006e1f08c0
 Begin Bits: [0x00000000131d0000, 0x0000000015160000)
 End Bits:   [0x0000000015160000, 0x00000000170f0000)

Polling page: 0x0000000000e10000

CodeCache: size=245760Kb used=15346Kb max_used=15346Kb free=230413Kb
 bounds [0x0000000003360000, 0x0000000004270000, 0x0000000012360000]
 total_blobs=4831 nmethods=4300 adapters=443
 compilation: enabled

Compilation events (10 events):
Event: 7.285 Thread 0x0000000017ee6800 nmethod 4322 0x0000000004263010 code [0x0000000004263180, 0x00000000042633a8]
Event: 7.285 Thread 0x0000000017ee6800 4323       3       org.springframework.cglib.core.CodeEmitter::invoke (92 bytes)
Event: 7.286 Thread 0x0000000017ee6800 nmethod 4323 0x0000000004263450 code [0x00000000042636a0, 0x00000000042643d8]
Event: 7.289 Thread 0x0000000017ee6800 4324       1       sun.reflect.generics.tree.TypeVariableSignature::getIdentifier (5 bytes)
Event: 7.289 Thread 0x0000000017ee6800 nmethod 4324 0x0000000004264850 code [0x00000000042649a0, 0x0000000004264ab0]
Event: 7.289 Thread 0x0000000017ee6800 4325       1       sun.reflect.generics.factory.CoreReflectionFactory::getScope (5 bytes)
Event: 7.289 Thread 0x0000000017ee6800 nmethod 4325 0x0000000004264b10 code [0x0000000004264c60, 0x0000000004264d70]
Event: 7.291 Thread 0x0000000017ee6800 4326       3       java.lang.reflect.Method::acquireMethodAccessor (44 bytes)
Event: 7.291 Thread 0x0000000017ee6800 nmethod 4326 0x0000000004264dd0 code [0x0000000004264f60, 0x00000000042655b8]
Event: 7.301 Thread 0x0000000017ee6800 4327   !   3       org.springframework.beans.factory.support.DefaultListableBeanFactory::doGetBeanNamesForType (593 bytes)

GC Heap History (10 events):
Event: 3.226 GC heap before
{Heap before GC invocations=7 (full 1):
 PSYoungGen      total 71680K, used 66560K [0x00000000d5f00000, 0x00000000df100000, 0x0000000100000000)
  eden space 66560K, 100% used [0x00000000d5f00000,0x00000000da000000,0x00000000da000000)
  from space 5120K, 0% used [0x00000000da000000,0x00000000da000000,0x00000000da500000)
  to   space 8192K, 0% used [0x00000000de900000,0x00000000de900000,0x00000000df100000)
 ParOldGen       total 54784K, used 7150K [0x0000000081c00000, 0x0000000085180000, 0x00000000d5f00000)
  object space 54784K, 13% used [0x0000000081c00000,0x00000000822fbab0,0x0000000085180000)
 Metaspace       used 24772K, capacity 25618K, committed 25728K, reserved 1071104K
  class space    used 3183K, capacity 3367K, committed 3456K, reserved 1048576K
Event: 3.236 GC heap after
Heap after GC invocations=7 (full 1):
 PSYoungGen      total 115712K, used 6427K [0x00000000d5f00000, 0x00000000def80000, 0x0000000100000000)
  eden space 109056K, 0% used [0x00000000d5f00000,0x00000000d5f00000,0x00000000dc980000)
  from space 6656K, 96% used [0x00000000de900000,0x00000000def46fb0,0x00000000def80000)
  to   space 8192K, 0% used [0x00000000ddf80000,0x00000000ddf80000,0x00000000de780000)
 ParOldGen       total 54784K, used 7158K [0x0000000081c00000, 0x0000000085180000, 0x00000000d5f00000)
  object space 54784K, 13% used [0x0000000081c00000,0x00000000822fdab0,0x0000000085180000)
 Metaspace       used 24772K, capacity 25618K, committed 25728K, reserved 1071104K
  class space    used 3183K, capacity 3367K, committed 3456K, reserved 1048576K
}
Event: 4.283 GC heap before
{Heap before GC invocations=8 (full 1):
 PSYoungGen      total 115712K, used 115483K [0x00000000d5f00000, 0x00000000def80000, 0x0000000100000000)
  eden space 109056K, 100% used [0x00000000d5f00000,0x00000000dc980000,0x00000000dc980000)
  from space 6656K, 96% used [0x00000000de900000,0x00000000def46fb0,0x00000000def80000)
  to   space 8192K, 0% used [0x00000000ddf80000,0x00000000ddf80000,0x00000000de780000)
 ParOldGen       total 54784K, used 7158K [0x0000000081c00000, 0x0000000085180000, 0x00000000d5f00000)
  object space 54784K, 13% used [0x0000000081c00000,0x00000000822fdab0,0x0000000085180000)
 Metaspace       used 30102K, capacity 31210K, committed 31360K, reserved 1077248K
  class space    used 3934K, capacity 4165K, committed 4224K, reserved 1048576K
Event: 4.292 GC heap after
Heap after GC invocations=8 (full 1):
 PSYoungGen      total 139776K, used 8178K [0x00000000d5f00000, 0x00000000e1f00000, 0x0000000100000000)
  eden space 131584K, 0% used [0x00000000d5f00000,0x00000000d5f00000,0x00000000ddf80000)
  from space 8192K, 99% used [0x00000000ddf80000,0x00000000de77c888,0x00000000de780000)
  to   space 11264K, 0% used [0x00000000e1400000,0x00000000e1400000,0x00000000e1f00000)
 ParOldGen       total 54784K, used 11212K [0x0000000081c00000, 0x0000000085180000, 0x00000000d5f00000)
  object space 54784K, 20% used [0x0000000081c00000,0x00000000826f3130,0x0000000085180000)
 Metaspace       used 30102K, capacity 31210K, committed 31360K, reserved 1077248K
  class space    used 3934K, capacity 4165K, committed 4224K, reserved 1048576K
}
Event: 5.137 GC heap before
{Heap before GC invocations=9 (full 1):
 PSYoungGen      total 139776K, used 71075K [0x00000000d5f00000, 0x00000000e1f00000, 0x0000000100000000)
  eden space 131584K, 47% used [0x00000000d5f00000,0x00000000d9c6c5b0,0x00000000ddf80000)
  from space 8192K, 99% used [0x00000000ddf80000,0x00000000de77c888,0x00000000de780000)
  to   space 11264K, 0% used [0x00000000e1400000,0x00000000e1400000,0x00000000e1f00000)
 ParOldGen       total 54784K, used 11212K [0x0000000081c00000, 0x0000000085180000, 0x00000000d5f00000)
  object space 54784K, 20% used [0x0000000081c00000,0x00000000826f3130,0x0000000085180000)
 Metaspace       used 34076K, capacity 35304K, committed 35456K, reserved 1079296K
  class space    used 4399K, capacity 4642K, committed 4736K, reserved 1048576K
Event: 5.148 GC heap after
Heap after GC invocations=9 (full 1):
 PSYoungGen      total 183296K, used 11259K [0x00000000d5f00000, 0x00000000e4400000, 0x0000000100000000)
  eden space 172032K, 0% used [0x00000000d5f00000,0x00000000d5f00000,0x00000000e0700000)
  from space 11264K, 99% used [0x00000000e1400000,0x00000000e1efed10,0x00000000e1f00000)
  to   space 13312K, 0% used [0x00000000e0700000,0x00000000e0700000,0x00000000e1400000)
 ParOldGen       total 54784K, used 12831K [0x0000000081c00000, 0x0000000085180000, 0x00000000d5f00000)
  object space 54784K, 23% used [0x0000000081c00000,0x0000000082887ee0,0x0000000085180000)
 Metaspace       used 34076K, capacity 35304K, committed 35456K, reserved 1079296K
  class space    used 4399K, capacity 4642K, committed 4736K, reserved 1048576K
}
Event: 5.148 GC heap before
{Heap before GC invocations=10 (full 2):
 PSYoungGen      total 183296K, used 11259K [0x00000000d5f00000, 0x00000000e4400000, 0x0000000100000000)
  eden space 172032K, 0% used [0x00000000d5f00000,0x00000000d5f00000,0x00000000e0700000)
  from space 11264K, 99% used [0x00000000e1400000,0x00000000e1efed10,0x00000000e1f00000)
  to   space 13312K, 0% used [0x00000000e0700000,0x00000000e0700000,0x00000000e1400000)
 ParOldGen       total 54784K, used 12831K [0x0000000081c00000, 0x0000000085180000, 0x00000000d5f00000)
  object space 54784K, 23% used [0x0000000081c00000,0x0000000082887ee0,0x0000000085180000)
 Metaspace       used 34076K, capacity 35304K, committed 35456K, reserved 1079296K
  class space    used 4399K, capacity 4642K, committed 4736K, reserved 1048576K
Event: 5.229 GC heap after
Heap after GC invocations=10 (full 2):
 PSYoungGen      total 183296K, used 0K [0x00000000d5f00000, 0x00000000e4400000, 0x0000000100000000)
  eden space 172032K, 0% used [0x00000000d5f00000,0x00000000d5f00000,0x00000000e0700000)
  from space 11264K, 0% used [0x00000000e1400000,0x00000000e1400000,0x00000000e1f00000)
  to   space 13312K, 0% used [0x00000000e0700000,0x00000000e0700000,0x00000000e1400000)
 ParOldGen       total 54784K, used 18218K [0x0000000081c00000, 0x0000000085180000, 0x00000000d5f00000)
  object space 54784K, 33% used [0x0000000081c00000,0x0000000082dca930,0x0000000085180000)
 Metaspace       used 34076K, capacity 35304K, committed 35456K, reserved 1079296K
  class space    used 4399K, capacity 4642K, committed 4736K, reserved 1048576K
}
Event: 7.248 GC heap before
{Heap before GC invocations=11 (full 2):
 PSYoungGen      total 183296K, used 172032K [0x00000000d5f00000, 0x00000000e4400000, 0x0000000100000000)
  eden space 172032K, 100% used [0x00000000d5f00000,0x00000000e0700000,0x00000000e0700000)
  from space 11264K, 0% used [0x00000000e1400000,0x00000000e1400000,0x00000000e1f00000)
  to   space 13312K, 0% used [0x00000000e0700000,0x00000000e0700000,0x00000000e1400000)
 ParOldGen       total 54784K, used 18218K [0x0000000081c00000, 0x0000000085180000, 0x00000000d5f00000)
  object space 54784K, 33% used [0x0000000081c00000,0x0000000082dca930,0x0000000085180000)
 Metaspace       used 48001K, capacity 49904K, committed 50176K, reserved 1093632K
  class space    used 6497K, capacity 6850K, committed 6912K, reserved 1048576K
Event: 7.272 GC heap after
Heap after GC invocations=11 (full 2):
 PSYoungGen      total 185344K, used 13294K [0x00000000d5f00000, 0x00000000e4400000, 0x0000000100000000)
  eden space 172032K, 0% used [0x00000000d5f00000,0x00000000d5f00000,0x00000000e0700000)
  from space 13312K, 99% used [0x00000000e0700000,0x00000000e13fb9a8,0x00000000e1400000)
  to   space 11264K, 0% used [0x00000000e1400000,0x00000000e1400000,0x00000000e1f00000)
 ParOldGen       total 54784K, used 21094K [0x0000000081c00000, 0x0000000085180000, 0x00000000d5f00000)
  object space 54784K, 38% used [0x0000000081c00000,0x0000000083099b18,0x0000000085180000)
 Metaspace       used 48001K, capacity 49904K, committed 50176K, reserved 1093632K
  class space    used 6497K, capacity 6850K, committed 6912K, reserved 1048576K
}

Deoptimization events (10 events):
Event: 6.894 Thread 0x0000000002c3d800 Uncommon trap: reason=unstable_if action=reinterpret pc=0x0000000003cba698 method=org.springframework.util.ConcurrentReferenceHashMap$Segment.findInChain(Lorg/springframework/util/ConcurrentReferenceHashMap$Reference;Ljava/lang/Object;I)Lorg/springframewo
Event: 6.894 Thread 0x0000000002c3d800 Uncommon trap: reason=unstable_if action=reinterpret pc=0x0000000003bffeb4 method=org.springframework.util.ConcurrentReferenceHashMap$Segment.findInChain(Lorg/springframework/util/ConcurrentReferenceHashMap$Reference;Ljava/lang/Object;I)Lorg/springframewo
Event: 6.950 Thread 0x0000000002c3d800 Uncommon trap: reason=unstable_if action=reinterpret pc=0x0000000003ca3300 method=org.springframework.util.ConcurrentReferenceHashMap$Segment.findInChain(Lorg/springframework/util/ConcurrentReferenceHashMap$Reference;Ljava/lang/Object;I)Lorg/springframewo
Event: 6.988 Thread 0x0000000002c3d800 Uncommon trap: reason=class_check action=maybe_recompile pc=0x0000000003f75c1c method=java.util.regex.Matcher.search(I)Z @ 86
Event: 6.990 Thread 0x0000000002c3d800 Uncommon trap: reason=class_check action=maybe_recompile pc=0x0000000003f75c1c method=java.util.regex.Matcher.search(I)Z @ 86
Event: 6.990 Thread 0x0000000002c3d800 Uncommon trap: reason=class_check action=maybe_recompile pc=0x0000000003f75c1c method=java.util.regex.Matcher.search(I)Z @ 86
Event: 6.990 Thread 0x0000000002c3d800 Uncommon trap: reason=class_check action=maybe_recompile pc=0x0000000003f75c1c method=java.util.regex.Matcher.search(I)Z @ 86
Event: 7.076 Thread 0x0000000002c3d800 Uncommon trap: reason=class_check action=maybe_recompile pc=0x0000000003e9b150 method=org.springframework.beans.factory.support.AbstractBeanFactory.isTypeMatch(Ljava/lang/String;Lorg/springframework/core/ResolvableType;)Z @ 47
Event: 7.153 Thread 0x0000000002c3d800 Uncommon trap: reason=unstable_if action=reinterpret pc=0x0000000003d0be64 method=org.springframework.asm.Frame.merge(Lorg/springframework/asm/ClassWriter;I[II)Z @ 80
Event: 7.193 Thread 0x0000000002c3d800 Uncommon trap: reason=unstable_if action=reinterpret pc=0x0000000003ef0994 method=org.springframework.boot.context.properties.source.ConfigurationPropertyName.elementEquals(Ljava/lang/CharSequence;Ljava/lang/CharSequence;)Z @ 75

Classes redefined (0 events):
No events

Internal exceptions (10 events):
Event: 7.275 Thread 0x0000000002c3d800 Exception <a 'java/lang/ClassNotFoundException': org/springframework/security/config/annotation/SecurityConfigurerCustomizer> (0x00000000d5f76640) thrown at [C:\re\workspace\8-2-build-windows-amd64-cygwin\jdk8u171\10807\hotspot\src\share\vm\classfile\syst
Event: 7.279 Thread 0x0000000002c3d800 Exception <a 'java/lang/ClassNotFoundException': java/lang/ObjectCustomizer> (0x00000000d5f9f708) thrown at [C:\re\workspace\8-2-build-windows-amd64-cygwin\jdk8u171\10807\hotspot\src\share\vm\classfile\systemDictionary.cpp, line 210]
Event: 7.280 Thread 0x0000000002c3d800 Exception <a 'java/lang/ClassNotFoundException': org/springframework/security/config/annotation/configuration/ObjectPostProcessorConfigurationCustomizer> (0x00000000d5fcdc30) thrown at [C:\re\workspace\8-2-build-windows-amd64-cygwin\jdk8u171\10807\hotspot
Event: 7.280 Thread 0x0000000002c3d800 Exception <a 'java/lang/ClassNotFoundException': org/springframework/security/config/annotation/configuration/ObjectPostProcessorConfiguration$$EnhancerBySpringCGLIB$$8f7419b0Customizer> (0x00000000d6005528) thrown at [C:\re\workspace\8-2-build-windows-am
Event: 7.281 Thread 0x0000000002c3d800 Exception <a 'java/lang/ClassNotFoundException': org/springframework/context/annotation/ConfigurationClassEnhancer$EnhancedConfigurationCustomizer> (0x00000000d6034740) thrown at [C:\re\workspace\8-2-build-windows-amd64-cygwin\jdk8u171\10807\hotspot\src\s
Event: 7.288 Thread 0x0000000002c3d800 Exception <a 'java/lang/ClassNotFoundException': java/lang/ObjectCustomizer> (0x00000000d60c55d8) thrown at [C:\re\workspace\8-2-build-windows-amd64-cygwin\jdk8u171\10807\hotspot\src\share\vm\classfile\systemDictionary.cpp, line 210]
Event: 7.289 Thread 0x0000000002c3d800 Exception <a 'java/lang/ClassNotFoundException': org/springframework/security/config/annotation/configuration/AutowireBeanFactoryObjectPostProcessorCustomizer> (0x00000000d60f4a98) thrown at [C:\re\workspace\8-2-build-windows-amd64-cygwin\jdk8u171\10807\h
Event: 7.289 Thread 0x0000000002c3d800 Exception <a 'java/lang/ClassNotFoundException': org/springframework/security/config/annotation/ObjectPostProcessorCustomizer> (0x00000000d611d7e0) thrown at [C:\re\workspace\8-2-build-windows-amd64-cygwin\jdk8u171\10807\hotspot\src\share\vm\classfile\sys
Event: 7.290 Thread 0x0000000002c3d800 Exception <a 'java/lang/ClassNotFoundException': org/springframework/beans/factory/DisposableBeanCustomizer> (0x00000000d6139790) thrown at [C:\re\workspace\8-2-build-windows-amd64-cygwin\jdk8u171\10807\hotspot\src\share\vm\classfile\systemDictionary.cpp,
Event: 7.290 Thread 0x0000000002c3d800 Exception <a 'java/lang/ClassNotFoundException': org/springframework/beans/factory/SmartInitializingSingletonCustomizer> (0x00000000d6159190) thrown at [C:\re\workspace\8-2-build-windows-amd64-cygwin\jdk8u171\10807\hotspot\src\share\vm\classfile\systemDic

Events (10 events):
Event: 7.296 loading class org/springframework/security/config/annotation/authentication/configurers/provisioning/UserDetailsManagerConfigurer
Event: 7.296 loading class org/springframework/security/config/annotation/authentication/configurers/provisioning/UserDetailsManagerConfigurer done
Event: 7.296 loading class org/springframework/security/config/annotation/authentication/configurers/userdetails/UserDetailsServiceConfigurer
Event: 7.296 loading class org/springframework/security/config/annotation/authentication/configurers/userdetails/UserDetailsServiceConfigurer done
Event: 7.297 loading class org/springframework/security/config/annotation/authentication/configurers/provisioning/InMemoryUserDetailsManagerConfigurer
Event: 7.297 loading class org/springframework/security/config/annotation/authentication/configurers/provisioning/InMemoryUserDetailsManagerConfigurer done
Event: 7.297 loading class org/springframework/security/config/annotation/authentication/configurers/ldap/LdapAuthenticationProviderConfigurer
Event: 7.297 loading class org/springframework/security/config/annotation/authentication/configurers/ldap/LdapAuthenticationProviderConfigurer done
Event: 7.298 loading class org/springframework/security/config/annotation/AbstractConfiguredSecurityBuilder$BuildState
Event: 7.298 loading class org/springframework/security/config/annotation/AbstractConfiguredSecurityBuilder$BuildState done


Dynamic libraries:
0x00007ff7abb00000 - 0x00007ff7abb37000 	C:\Program Files\Java\jdk1.8.0_171\bin\java.exe
0x00007fffb53f0000 - 0x00007fffb55d1000 	C:\WINDOWS\SYSTEM32\ntdll.dll
0x00007fffb2fb0000 - 0x00007fffb3062000 	C:\WINDOWS\System32\KERNEL32.DLL
0x00007fffb1a00000 - 0x00007fffb1c73000 	C:\WINDOWS\System32\KERNELBASE.dll
0x00007fffb5310000 - 0x00007fffb53b1000 	C:\WINDOWS\System32\ADVAPI32.dll
0x00007fffb30d0000 - 0x00007fffb316e000 	C:\WINDOWS\System32\msvcrt.dll
0x00007fffb3070000 - 0x00007fffb30cb000 	C:\WINDOWS\System32\sechost.dll
0x00007fffb4ff0000 - 0x00007fffb5114000 	C:\WINDOWS\System32\RPCRT4.dll
0x00007fffb4a60000 - 0x00007fffb4bf0000 	C:\WINDOWS\System32\USER32.dll
0x00007fffb1910000 - 0x00007fffb1930000 	C:\WINDOWS\System32\win32u.dll
0x00007fffb5120000 - 0x00007fffb5148000 	C:\WINDOWS\System32\GDI32.dll
0x00007fffb26e0000 - 0x00007fffb2872000 	C:\WINDOWS\System32\gdi32full.dll
0x00007fffb17c0000 - 0x00007fffb185f000 	C:\WINDOWS\System32\msvcp_win.dll
0x00007fffb2390000 - 0x00007fffb248a000 	C:\WINDOWS\System32\ucrtbase.dll
0x00007fff9fbc0000 - 0x00007fff9fe29000 	C:\WINDOWS\WinSxS\amd64_microsoft.windows.common-controls_6595b64144ccf1df_6.0.17134.165_none_fb429645306569ac\COMCTL32.dll
0x00007fffb2880000 - 0x00007fffb2ba3000 	C:\WINDOWS\System32\combase.dll
0x00007fffb1980000 - 0x00007fffb19fa000 	C:\WINDOWS\System32\bcryptPrimitives.dll
0x00007fffb2db0000 - 0x00007fffb2ddd000 	C:\WINDOWS\System32\IMM32.DLL
0x000000006e270000 - 0x000000006e342000 	C:\Program Files\Java\jdk1.8.0_171\jre\bin\msvcr100.dll
0x000000006d9d0000 - 0x000000006e270000 	C:\Program Files\Java\jdk1.8.0_171\jre\bin\server\jvm.dll
0x00007fffb5150000 - 0x00007fffb5158000 	C:\WINDOWS\System32\PSAPI.DLL
0x00007fffa24d0000 - 0x00007fffa24d9000 	C:\WINDOWS\SYSTEM32\WSOCK32.dll
0x00007fffaaf50000 - 0x00007fffaaf73000 	C:\WINDOWS\SYSTEM32\WINMM.dll
0x00007fffb4f80000 - 0x00007fffb4fec000 	C:\WINDOWS\System32\WS2_32.dll
0x00007fffa24a0000 - 0x00007fffa24aa000 	C:\WINDOWS\SYSTEM32\VERSION.dll
0x00007fffaaf20000 - 0x00007fffaaf4a000 	C:\WINDOWS\SYSTEM32\WINMMBASE.dll
0x00007fffb1930000 - 0x00007fffb1979000 	C:\WINDOWS\System32\cfgmgr32.dll
0x000000006d9c0000 - 0x000000006d9cf000 	C:\Program Files\Java\jdk1.8.0_171\jre\bin\verify.dll
0x000000006d990000 - 0x000000006d9b9000 	C:\Program Files\Java\jdk1.8.0_171\jre\bin\java.dll
0x000000006d3e0000 - 0x000000006d403000 	C:\Program Files\Java\jdk1.8.0_171\jre\bin\instrument.dll
0x000000006d970000 - 0x000000006d986000 	C:\Program Files\Java\jdk1.8.0_171\jre\bin\zip.dll
0x00007fffb35c0000 - 0x00007fffb4a00000 	C:\WINDOWS\System32\SHELL32.dll
0x00007fffb2f00000 - 0x00007fffb2fa9000 	C:\WINDOWS\System32\shcore.dll
0x00007fffb1c80000 - 0x00007fffb238d000 	C:\WINDOWS\System32\windows.storage.dll
0x00007fffb4f20000 - 0x00007fffb4f71000 	C:\WINDOWS\System32\shlwapi.dll
0x00007fffb17a0000 - 0x00007fffb17b1000 	C:\WINDOWS\System32\kernel.appcore.dll
0x00007fffb1750000 - 0x00007fffb176f000 	C:\WINDOWS\System32\profapi.dll
0x00007fffb1700000 - 0x00007fffb174c000 	C:\WINDOWS\System32\powrprof.dll
0x00007fffb1790000 - 0x00007fffb179a000 	C:\WINDOWS\System32\FLTLIB.DLL
0x00007fffada30000 - 0x00007fffada4a000 	D:\JetBrains\IntelliJ IDEA Community Edition 2018.1.6\bin\breakgen64.dll
0x000000006d950000 - 0x000000006d96a000 	C:\Program Files\Java\jdk1.8.0_171\jre\bin\net.dll
0x00007fffb0f80000 - 0x00007fffb0fe6000 	C:\WINDOWS\system32\mswsock.dll
0x000000006d930000 - 0x000000006d941000 	C:\Program Files\Java\jdk1.8.0_171\jre\bin\nio.dll
0x000000006d800000 - 0x000000006d80d000 	C:\Program Files\Java\jdk1.8.0_171\jre\bin\management.dll
0x00007fffa88d0000 - 0x00007fffa88e6000 	C:\WINDOWS\system32\napinsp.dll
0x00007fffa78e0000 - 0x00007fffa78fa000 	C:\WINDOWS\system32\pnrpnsp.dll
0x00007fffad4e0000 - 0x00007fffad4f9000 	C:\WINDOWS\system32\NLAapi.dll
0x00007fffb0d40000 - 0x00007fffb0dfe000 	C:\WINDOWS\SYSTEM32\DNSAPI.dll
0x00007fffb5300000 - 0x00007fffb5308000 	C:\WINDOWS\System32\NSI.dll
0x00007fffb0d00000 - 0x00007fffb0d38000 	C:\WINDOWS\SYSTEM32\IPHLPAPI.DLL
0x00007fffac0c0000 - 0x00007fffac0ce000 	C:\WINDOWS\System32\winrnr.dll
0x00007fffab530000 - 0x00007fffab545000 	C:\WINDOWS\System32\wshbth.dll
0x00007fffa5490000 - 0x00007fffa549a000 	C:\Windows\System32\rasadhlp.dll
0x00007fffa5660000 - 0x00007fffa56d2000 	C:\WINDOWS\System32\fwpuclnt.dll
0x00007fffb1260000 - 0x00007fffb1285000 	C:\WINDOWS\SYSTEM32\bcrypt.dll
0x00007fffb1130000 - 0x00007fffb1147000 	C:\WINDOWS\SYSTEM32\CRYPTSP.dll
0x00007fffb0b60000 - 0x00007fffb0b93000 	C:\WINDOWS\system32\rsaenh.dll
0x00007fffb1630000 - 0x00007fffb1658000 	C:\WINDOWS\SYSTEM32\USERENV.dll
0x00007fffb1150000 - 0x00007fffb115b000 	C:\WINDOWS\SYSTEM32\CRYPTBASE.dll
0x00007fffaac40000 - 0x00007fffaac56000 	C:\WINDOWS\SYSTEM32\dhcpcsvc6.DLL
0x00007fffaaf00000 - 0x00007fffaaf1a000 	C:\WINDOWS\SYSTEM32\dhcpcsvc.DLL

VM Arguments:
jvm_args: -Didea.test.cyclic.buffer.size=1048576 -javaagent:D:\JetBrains\IntelliJ IDEA Community Edition 2018.1.6\lib\idea_rt.jar=53314:D:\JetBrains\IntelliJ IDEA Community Edition 2018.1.6\bin -Dfile.encoding=UTF-8 
java_command: com.intellij.rt.execution.junit.JUnitStarter -ideVersion5 -junit4 com.issac.foundation.UserApplicationTests,contextLoads
java_class_path (initial): D:\JetBrains\IntelliJ IDEA Community Edition 2018.1.6\lib\idea_rt.jar;D:\JetBrains\IntelliJ IDEA Community Edition 2018.1.6\plugins\junit\lib\junit-rt.jar;D:\JetBrains\IntelliJ IDEA Community Edition 2018.1.6\plugins\junit\lib\junit5-rt.jar;C:\Program Files\Java\jdk1.8.0_171\jre\lib\charsets.jar;C:\Program Files\Java\jdk1.8.0_171\jre\lib\deploy.jar;C:\Program Files\Java\jdk1.8.0_171\jre\lib\ext\access-bridge-64.jar;C:\Program Files\Java\jdk1.8.0_171\jre\lib\ext\cldrdata.jar;C:\Program Files\Java\jdk1.8.0_171\jre\lib\ext\dnsns.jar;C:\Program Files\Java\jdk1.8.0_171\jre\lib\ext\jaccess.jar;C:\Program Files\Java\jdk1.8.0_171\jre\lib\ext\jfxrt.jar;C:\Program Files\Java\jdk1.8.0_171\jre\lib\ext\localedata.jar;C:\Program Files\Java\jdk1.8.0_171\jre\lib\ext\nashorn.jar;C:\Program Files\Java\jdk1.8.0_171\jre\lib\ext\sunec.jar;C:\Program Files\Java\jdk1.8.0_171\jre\lib\ext\sunjce_provider.jar;C:\Program Files\Java\jdk1.8.0_171\jre\lib\ext\sunmscapi.jar;C:\Program Files\Java\jdk1.8.0_171\jre\lib\ext\sunpkcs11.jar;C:\Program Files\Java\jdk1.8.0_171\jre\lib\ext\zipfs.jar;C:\Program Files\Java\jdk1.8.0_171\jre\lib\javaws.jar;C:\Program Files\Java\jdk1.8.0_171\jre\lib\jce.jar;C:\Program Files\Java\jdk1.8.0_171\jre\lib\jfr.jar;C:\Program Files\Java\jdk1.8.0_171\jre\lib\jfxswt.jar;C:\Program Files\Java\jdk1.8.0_171\jre\lib\jsse.jar;C:\Program Files\Java\jdk1.8.0_171\jre\lib\management-agent.jar;C:\Program Files\Java\jdk1.8.0_171\jre\lib\plugin.jar;C:\Program Files\Java\jdk1.8.0_171\jre\lib\resources.jar;C:\Program Files\Java\jdk1.8.0_171\jre\lib\rt.jar;D:\DEV\git\americanoRepo\foundation\target\test-classes;D:\DEV\git\americanoRepo\foundation\target\classes;C:\Users\JJ\.m2\repository\org\springframework\boot\spring-boot-starter-data-jpa\2.0.3.RELEASE\spring-boot-starter-data-jpa-2.0.3.RELEASE.jar;C:\Users\JJ\.m2\repository\org\springframework\boot\spring-boot-starter\2.0.3.RELEASE\spring-boot-starter-2.0.3.RELEASE.jar;C:\Users\JJ\.m2\repository\org\spri
Launcher Type: SUN_STANDARD

Environment Variables:
JAVA_HOME=C:\Program Files\Java\jdk1.8.0_171
PATH=C:\Program Files (x86)\Common Files\Oracle\Java\javapath;C:\Program Files (x86)\Intel\iCLS Client\;C:\Program Files\Intel\iCLS Client\;C:\WINDOWS\system32;C:\WINDOWS;C:\WINDOWS\System32\Wbem;C:\WINDOWS\System32\WindowsPowerShell\v1.0\;C:\Program Files (x86)\Intel\Intel(R) Management Engine Components\DAL;C:\Program Files\Intel\Intel(R) Management Engine Components\DAL;C:\Program Files (x86)\Intel\Intel(R) Management Engine Components\IPT;C:\Program Files\Intel\Intel(R) Management Engine Components\IPT;C:\Program Files\Intel\WiFi\bin\;C:\Program Files\Common Files\Intel\WirelessCommon\;C:\WINDOWS\System32\OpenSSH\;d:\Git\cmd;D:\nodejs\;d:\Microsoft VS Code\bin;C:\Program Files\Java\jdk1.8.0_171\bin;C:\Users\JJ\AppData\Local\Microsoft\WindowsApps;C:\Program Files\Bandizip\;C:\Users\JJ\AppData\Roaming\npm;d:\Microsoft VS Code\bin
USERNAME=JJ
OS=Windows_NT
PROCESSOR_IDENTIFIER=Intel64 Family 6 Model 142 Stepping 9, GenuineIntel



---------------  S Y S T E M  ---------------

OS: Windows 10.0 , 64 bit Build 17134 (10.0.17134.1)

CPU:total 4 (initial active 4) (2 cores per cpu, 2 threads per core) family 6 model 142 stepping 9, cmov, cx8, fxsr, mmx, sse, sse2, sse3, ssse3, sse4.1, sse4.2, popcnt, avx, avx2, aes, clmul, erms, 3dnowpref, lzcnt, ht, tsc, tscinvbit, bmi1, bmi2, adx

Memory: 4k page, physical 8268656k(955744k free), swap 8268656k(4120k free)

vm_info: Java HotSpot(TM) 64-Bit Server VM (25.171-b11) for windows-amd64 JRE (1.8.0_171-b11), built on Mar 28 2018 16:06:12 by "java_re" with MS VC++ 10.0 (VS2010)

time: Thu Aug 02 15:42:34 2018
elapsed time: 7 seconds (0d 0h 0m 7s)

